#
# There is insufficient memory for the Java Runtime Environment to continue.
# Native memory allocation (malloc) failed to allocate 32744 bytes for ChunkPool::allocate
# Possible reasons:
#   The system is out of physical RAM or swap space
#   The process is running with CompressedOops enabled, and the Java Heap may be blocking the growth of the native heap
# Possible solutions:
#   Reduce memory load on the system
#   Increase physical memory or swap space
#   Check if swap backing store is full
#   Decrease Java heap size (-Xmx/-Xms)
#   Decrease number of Java threads
#   Decrease Java thread stack sizes (-Xss)
#   Set larger code cache with -XX:ReservedCodeCacheSize=
#   JVM is running with Unscaled Compressed Oops mode in which the Java heap is
#     placed in the first 4GB address space. The Java Heap base address is the
#     maximum limit for the native heap growth. Please use -XX:HeapBaseMinAddress
#     to set the Java Heap base and to place the Java Heap above 4GB virtual address.
# This output file may be truncated or incomplete.
#
#  Out of Memory Error (t:/workspace/open/src/hotspot/share/memory/arena.cpp:81), pid=85816, tid=37872
#
# JRE version: Java(TM) SE Runtime Environment (12.0.2+10) (build 12.0.2+10)
# Java VM: Java HotSpot(TM) 64-Bit Server VM (12.0.2+10, mixed mode, sharing, tiered, compressed oops, parallel gc, windows-amd64)
# No core dump will be written. Minidumps are not enabled by default on client versions of Windows
#

---------------  S U M M A R Y ------------

Command Line: --add-modules=ALL-SYSTEM --add-opens=java.base/java.util=ALL-UNNAMED --add-opens=java.base/java.lang=ALL-UNNAMED -Declipse.application=org.eclipse.jdt.ls.core.id1 -Dosgi.bundles.defaultStartLevel=4 -Declipse.product=org.eclipse.jdt.ls.core.product -Dfile.encoding=utf8 -DwatchParentProcess=false -XX:+UseParallelGC -XX:GCTimeRatio=4 -XX:AdaptiveSizePolicyWeight=90 -Dsun.zip.disableMemoryMapping=true -Xmx1G -Xms100m -Xverify:none c:\Users\boy\.vscode\extensions\redhat.java-0.76.0\server\plugins\org.eclipse.equinox.launcher_1.6.100.v20201223-0822.jar -configuration c:\Users\boy\AppData\Roaming\Code\User\globalStorage\redhat.java\0.76.0\config_ss_win -data c:\Users\boy\AppData\Roaming\Code\User\workspaceStorage\0e39402858a8725b0012f595a3b6a445\redhat.java\ss_ws

Host: Intel(R) Core(TM) i7-8750H CPU @ 2.20GHz, 12 cores, 15G,  Windows 10 , 64 bit Build 18362 (10.0.18362.1350)
Time: Sat Mar 27 16:04:33 2021 Greenwich Standard Time elapsed time: 0 seconds (0d 0h 0m 0s)

---------------  T H R E A D  ---------------

Current thread (0x0000022577ffb000):  JavaThread "main" [_thread_in_vm, id=37872, stack(0x0000009df0d00000,0x0000009df0e00000)]

Stack: [0x0000009df0d00000,0x0000009df0e00000]
Native frames: (J=compiled Java code, j=interpreted, Vv=VM code, C=native code)
V  [jvm.dll+0x63aa2a]
V  [jvm.dll+0x78ce1e]
V  [jvm.dll+0x78e4c1]
V  [jvm.dll+0x78eb13]
V  [jvm.dll+0x2627e8]
V  [jvm.dll+0xc57f6]
V  [jvm.dll+0xc5b4c]
V  [jvm.dll+0x39e9a8]
V  [jvm.dll+0x41f0ba]
C  0x000002250833f077

Java frames: (J=compiled Java code, j=interpreted, Vv=VM code)
j  java.lang.ClassLoader.findLoadedClass0(Ljava/lang/String;)Ljava/lang/Class;+0 java.base@12.0.2
j  java.lang.ClassLoader.findLoadedClass(Ljava/lang/String;)Ljava/lang/Class;+12 java.base@12.0.2
j  jdk.internal.loader.BuiltinClassLoader.loadClassOrNull(Ljava/lang/String;Z)Ljava/lang/Class;+10 java.base@12.0.2
j  jdk.internal.loader.BuiltinClassLoader.loadClass(Ljava/lang/String;Z)Ljava/lang/Class;+3 java.base@12.0.2
j  java.lang.ClassLoader.loadClass(Ljava/lang/String;Z)Ljava/lang/Class;+38 java.base@12.0.2
j  java.lang.ClassLoader.loadClass(Ljava/lang/String;)Ljava/lang/Class;+3 java.base@12.0.2
v  ~StubRoutines::call_stub
j  java.lang.ClassLoader.defineClass1(Ljava/lang/ClassLoader;Ljava/lang/String;[BIILjava/security/ProtectionDomain;Ljava/lang/String;)Ljava/lang/Class;+0 java.base@12.0.2
j  java.lang.ClassLoader.defineClass(Ljava/lang/String;[BIILjava/security/ProtectionDomain;)Ljava/lang/Class;+27 java.base@12.0.2
j  java.security.SecureClassLoader.defineClass(Ljava/lang/String;[BIILjava/security/CodeSource;)Ljava/lang/Class;+12 java.base@12.0.2
j  java.net.URLClassLoader.defineClass(Ljava/lang/String;Ljdk/internal/loader/Resource;)Ljava/lang/Class;+220 java.base@12.0.2
j  java.net.URLClassLoader$1.run()Ljava/lang/Class;+43 java.base@12.0.2
j  java.net.URLClassLoader$1.run()Ljava/lang/Object;+1 java.base@12.0.2
j  java.security.AccessController.executePrivileged(Ljava/security/PrivilegedExceptionAction;Ljava/security/AccessControlContext;Ljava/lang/Class;)Ljava/lang/Object;+29 java.base@12.0.2
j  java.security.AccessController.doPrivileged(Ljava/security/PrivilegedExceptionAction;Ljava/security/AccessControlContext;)Ljava/lang/Object;+13 java.base@12.0.2
j  java.net.URLClassLoader.findClass(Ljava/lang/String;)Ljava/lang/Class;+13 java.base@12.0.2
j  java.lang.ClassLoader.loadClass(Ljava/lang/String;Z)Ljava/lang/Class;+70 java.base@12.0.2
j  java.lang.ClassLoader.loadClass(Ljava/lang/String;)Ljava/lang/Class;+3 java.base@12.0.2
v  ~StubRoutines::call_stub
j  java.lang.ClassLoader.defineClass1(Ljava/lang/ClassLoader;Ljava/lang/String;[BIILjava/security/ProtectionDomain;Ljava/lang/String;)Ljava/lang/Class;+0 java.base@12.0.2
j  java.lang.ClassLoader.defineClass(Ljava/lang/String;[BIILjava/security/ProtectionDomain;)Ljava/lang/Class;+27 java.base@12.0.2
j  java.security.SecureClassLoader.defineClass(Ljava/lang/String;[BIILjava/security/CodeSource;)Ljava/lang/Class;+12 java.base@12.0.2
j  java.net.URLClassLoader.defineClass(Ljava/lang/String;Ljdk/internal/loader/Resource;)Ljava/lang/Class;+220 java.base@12.0.2
j  java.net.URLClassLoader$1.run()Ljava/lang/Class;+43 java.base@12.0.2
j  java.net.URLClassLoader$1.run()Ljava/lang/Object;+1 java.base@12.0.2
j  java.security.AccessController.executePrivileged(Ljava/security/PrivilegedExceptionAction;Ljava/security/AccessControlContext;Ljava/lang/Class;)Ljava/lang/Object;+29 java.base@12.0.2
j  java.security.AccessController.doPrivileged(Ljava/security/PrivilegedExceptionAction;Ljava/security/AccessControlContext;)Ljava/lang/Object;+13 java.base@12.0.2
j  java.net.URLClassLoader.findClass(Ljava/lang/String;)Ljava/lang/Class;+13 java.base@12.0.2
j  java.lang.ClassLoader.loadClass(Ljava/lang/String;Z)Ljava/lang/Class;+70 java.base@12.0.2
j  java.lang.ClassLoader.loadClass(Ljava/lang/String;)Ljava/lang/Class;+3 java.base@12.0.2
v  ~StubRoutines::call_stub
j  org.eclipse.osgi.internal.log.EquinoxLogServices.<init>(Lorg/eclipse/osgi/internal/framework/EquinoxConfiguration;)V+147
j  org.eclipse.osgi.internal.framework.EquinoxContainer.<init>(Ljava/util/Map;Lorg/osgi/framework/connect/ModuleConnector;)V+96
j  org.eclipse.osgi.launch.Equinox.<init>(Ljava/util/Map;Lorg/osgi/framework/connect/ModuleConnector;)V+10
j  org.eclipse.osgi.launch.Equinox.<init>(Ljava/util/Map;)V+3
j  org.eclipse.core.runtime.adaptor.EclipseStarter.startup([Ljava/lang/String;Ljava/lang/Runnable;)Lorg/osgi/framework/BundleContext;+28
j  org.eclipse.core.runtime.adaptor.EclipseStarter.run([Ljava/lang/String;Ljava/lang/Runnable;)Ljava/lang/Object;+21
v  ~StubRoutines::call_stub
j  jdk.internal.reflect.NativeMethodAccessorImpl.invoke0(Ljava/lang/reflect/Method;Ljava/lang/Object;[Ljava/lang/Object;)Ljava/lang/Object;+0 java.base@12.0.2
j  jdk.internal.reflect.NativeMethodAccessorImpl.invoke(Ljava/lang/Object;[Ljava/lang/Object;)Ljava/lang/Object;+100 java.base@12.0.2
j  jdk.internal.reflect.DelegatingMethodAccessorImpl.invoke(Ljava/lang/Object;[Ljava/lang/Object;)Ljava/lang/Object;+6 java.base@12.0.2
j  java.lang.reflect.Method.invoke(Ljava/lang/Object;[Ljava/lang/Object;)Ljava/lang/Object;+59 java.base@12.0.2
j  org.eclipse.equinox.launcher.Main.invokeFramework([Ljava/lang/String;[Ljava/net/URL;)V+201
j  org.eclipse.equinox.launcher.Main.basicRun([Ljava/lang/String;)V+159
j  org.eclipse.equinox.launcher.Main.run([Ljava/lang/String;)I+4
j  org.eclipse.equinox.launcher.Main.main([Ljava/lang/String;)V+10
v  ~StubRoutines::call_stub

---------------  P R O C E S S  ---------------

Threads class SMR info:
_java_thread_list=0x000002257ddd2d40, length=11, elements={
0x0000022577ffb000, 0x00000225780b3800, 0x00000225780b5000, 0x000002257ca05000,
0x000002257ca08000, 0x000002257ca09800, 0x000002257dc96000, 0x000002257dca1000,
0x000002257c8eb800, 0x000002257de4f800, 0x000002257de3c800
}

Java Threads: ( => current thread )
=>0x0000022577ffb000 JavaThread "main" [_thread_in_vm, id=37872, stack(0x0000009df0d00000,0x0000009df0e00000)]
  0x00000225780b3800 JavaThread "Reference Handler" daemon [_thread_blocked, id=100464, stack(0x0000009df1000000,0x0000009df1100000)]
  0x00000225780b5000 JavaThread "Finalizer" daemon [_thread_blocked, id=9992, stack(0x0000009df1100000,0x0000009df1200000)]
  0x000002257ca05000 JavaThread "Signal Dispatcher" daemon [_thread_blocked, id=43904, stack(0x0000009df1200000,0x0000009df1300000)]
  0x000002257ca08000 JavaThread "Attach Listener" daemon [_thread_blocked, id=117508, stack(0x0000009df1300000,0x0000009df1400000)]
  0x000002257ca09800 JavaThread "C2 CompilerThread0" daemon [_thread_blocked, id=91784, stack(0x0000009df1400000,0x0000009df1500000)]
  0x000002257dc96000 JavaThread "C1 CompilerThread0" daemon [_thread_blocked, id=68108, stack(0x0000009df1500000,0x0000009df1600000)]
  0x000002257dca1000 JavaThread "Sweeper thread" daemon [_thread_blocked, id=111896, stack(0x0000009df1600000,0x0000009df1700000)]
  0x000002257c8eb800 JavaThread "Common-Cleaner" daemon [_thread_blocked, id=28776, stack(0x0000009df1700000,0x0000009df1800000)]
  0x000002257de4f800 JavaThread "C2 CompilerThread1" daemon [_thread_in_native, id=151296, stack(0x0000009df1800000,0x0000009df1900000)]
  0x000002257de3c800 JavaThread "Service Thread" daemon [_thread_blocked, id=51916, stack(0x0000009df1900000,0x0000009df1a00000)]

Other Threads:
  0x000002257c9f1000 VMThread "VM Thread" [stack: 0x0000009df0f00000,0x0000009df1000000] [id=120692]
  0x000002257de0b000 WatcherThread [stack: 0x0000009df1a00000,0x0000009df1b00000] [id=98932]
  0x0000022578010000 GCTaskThread "ParGC Thread#0" [stack: 0x0000009df0e00000,0x0000009df0f00000] [id=7096]

Threads with active compile tasks:
C2 CompilerThread1   575   !   4       java.util.jar.Attributes::read (526 bytes)

VM state:not at safepoint (normal execution)

VM Mutex/Monitor currently owned by a thread: None

Heap address: 0x00000000c0000000, size: 1024 MB, Compressed Oops mode: 32-bit
Narrow klass base: 0x0000000800000000, Narrow klass shift: 3
Compressed class space size: 1073741824 Address: 0x0000000801190000

Heap:
 PSYoungGen      total 29696K, used 12245K [0x00000000eab00000, 0x00000000ecc00000, 0x0000000100000000)
  eden space 25600K, 47% used [0x00000000eab00000,0x00000000eb6f5770,0x00000000ec400000)
  from space 4096K, 0% used [0x00000000ec800000,0x00000000ec800000,0x00000000ecc00000)
  to   space 4096K, 0% used [0x00000000ec400000,0x00000000ec400000,0x00000000ec800000)
 ParOldGen       total 68608K, used 0K [0x00000000c0000000, 0x00000000c4300000, 0x00000000eab00000)
  object space 68608K, 0% used [0x00000000c0000000,0x00000000c0000000,0x00000000c4300000)
 Metaspace       used 3378K, capacity 5084K, committed 5376K, reserved 1056768K
  class space    used 313K, capacity 464K, committed 512K, reserved 1048576K

Card table byte_map: [0x0000022579aa0000,0x0000022579cb0000] _byte_map_base: 0x00000225794a0000

Marking Bits: (ParMarkBitMap*) 0x00007ffd55cdedd0
 Begin Bits: [0x0000022579e10000, 0x000002257ae10000)
 End Bits:   [0x000002257ae10000, 0x000002257be10000)

Polling page: 0x00000225780c0000

Metaspace:

Usage:
  Non-class:      4.51 MB capacity,     2.99 MB ( 66%) used,     1.51 MB ( 34%) free+waste,     4.69 KB ( <1%) overhead. 
      Class:    464.00 KB capacity,   313.88 KB ( 68%) used,   147.38 KB ( 32%) free+waste,     2.75 KB ( <1%) overhead. 
       Both:      4.96 MB capacity,     3.30 MB ( 66%) used,     1.66 MB ( 33%) free+waste,     7.44 KB ( <1%) overhead. 

Virtual space:
  Non-class space:        8.00 MB reserved,       4.75 MB ( 59%) committed 
      Class space:        1.00 GB reserved,     512.00 KB ( <1%) committed 
             Both:        1.01 GB reserved,       5.25 MB ( <1%) committed 

Chunk freelists:
   Non-Class:  6.50 KB
       Class:  2.00 KB
        Both:  8.50 KB

CodeHeap 'non-profiled nmethods': size=120000Kb used=197Kb max_used=197Kb free=119802Kb
 bounds [0x000002250fe00000, 0x0000022510070000, 0x0000022517330000]
CodeHeap 'profiled nmethods': size=120000Kb used=995Kb max_used=995Kb free=119004Kb
 bounds [0x00000225088d0000, 0x0000022508b40000, 0x000002250fe00000]
CodeHeap 'non-nmethods': size=5760Kb used=1083Kb max_used=1095Kb free=4676Kb
 bounds [0x0000022508330000, 0x00000225085a0000, 0x00000225088d0000]
 total_blobs=1201 nmethods=638 adapters=288
 compilation: enabled
              stopped_count=0, restarted_count=0
 full_count=0

Compilation events (10 events):
Event: 0.387 Thread 0x000002257dc96000  633       3       java.util.Properties$LineReader::readLine (585 bytes)
Event: 0.389 Thread 0x000002257dc96000 nmethod 633 0x00000225089c4290 code [0x00000225089c45c0, 0x00000225089c6330]
Event: 0.391 Thread 0x000002257dc96000  635       3       sun.security.provider.DigestBase::implCompressMultiBlock0 (23 bytes)
Event: 0.391 Thread 0x000002257dc96000 nmethod 635 0x00000225089c6b10 code [0x00000225089c6ce0, 0x00000225089c7010]
Event: 0.392 Thread 0x000002257dc96000  636   !   3       java.security.cert.Certificate::equals (38 bytes)
Event: 0.392 Thread 0x000002257dc96000 nmethod 636 0x00000225089c7110 code [0x00000225089c73a0, 0x00000225089c81d0]
Event: 0.392 Thread 0x000002257dc96000  637       3       sun.security.x509.X509CertImpl::getEncodedInternal (20 bytes)
Event: 0.393 Thread 0x000002257dc96000 nmethod 637 0x00000225089c8690 code [0x00000225089c88a0, 0x00000225089c8e40]
Event: 0.402 Thread 0x000002257dc96000  639       1       java.security.CodeSource::getLocationNoFragString (5 bytes)
Event: 0.402 Thread 0x000002257dc96000 nmethod 639 0x000002250fe31210 code [0x000002250fe313c0, 0x000002250fe314f8]

GC Heap History (0 events):
No events

Deoptimization events (6 events):
Event: 0.116 Thread 0x0000022577ffb000 Uncommon trap: reason=unstable_if action=reinterpret pc=0x000002250fe07120 method=java.lang.String.isLatin1()Z @ 10 c2
Event: 0.133 Thread 0x0000022577ffb000 Uncommon trap: reason=class_check action=maybe_recompile pc=0x000002250fe0ec48 method=java.util.HashMap.putVal(ILjava/lang/Object;Ljava/lang/Object;ZZ)Ljava/lang/Object; @ 152 c2
Event: 0.133 Thread 0x0000022577ffb000 Uncommon trap: reason=class_check action=maybe_recompile pc=0x000002250fe0ec48 method=java.util.HashMap.putVal(ILjava/lang/Object;Ljava/lang/Object;ZZ)Ljava/lang/Object; @ 152 c2
Event: 0.133 Thread 0x0000022577ffb000 Uncommon trap: reason=class_check action=maybe_recompile pc=0x000002250fe0ec48 method=java.util.HashMap.putVal(ILjava/lang/Object;Ljava/lang/Object;ZZ)Ljava/lang/Object; @ 152 c2
Event: 0.133 Thread 0x0000022577ffb000 Uncommon trap: reason=class_check action=maybe_recompile pc=0x000002250fe0ec48 method=java.util.HashMap.putVal(ILjava/lang/Object;Ljava/lang/Object;ZZ)Ljava/lang/Object; @ 152 c2
Event: 0.325 Thread 0x0000022577ffb000 Uncommon trap: reason=unstable_if action=reinterpret pc=0x000002250fe2459c method=java.util.HashMap.getNode(ILjava/lang/Object;)Ljava/util/HashMap$Node; @ 62 c2

Classes redefined (0 events):
No events

Internal exceptions (10 events):
Event: 0.232 Thread 0x0000022577ffb000 Exception <a 'java/lang/ClassNotFoundException'{0x00000000eaea8530}: sun/net/www/protocol/c/Handler> (0x00000000eaea8530) thrown at [t:/workspace/open/src/hotspot/share/classfile/systemDictionary.cpp, line 235]
Event: 0.235 Thread 0x0000022577ffb000 Exception <a 'java/io/FileNotFoundException'{0x00000000eaeb8200}> (0x00000000eaeb8200) thrown at [t:/workspace/open/src/hotspot/share/prims/jni.cpp, line 615]
Event: 0.235 Thread 0x0000022577ffb000 Exception <a 'java/io/FileNotFoundException'{0x00000000eaeb8f98}> (0x00000000eaeb8f98) thrown at [t:/workspace/open/src/hotspot/share/prims/jni.cpp, line 615]
Event: 0.236 Thread 0x0000022577ffb000 Exception <a 'java/io/FileNotFoundException'{0x00000000eaeb9bf0}> (0x00000000eaeb9bf0) thrown at [t:/workspace/open/src/hotspot/share/prims/jni.cpp, line 615]
Event: 0.236 Thread 0x0000022577ffb000 Exception <a 'java/io/FileNotFoundException'{0x00000000eaeba880}> (0x00000000eaeba880) thrown at [t:/workspace/open/src/hotspot/share/prims/jni.cpp, line 615]
Event: 0.241 Thread 0x0000022577ffb000 Exception <a 'java/io/FileNotFoundException'{0x00000000eaed7200}> (0x00000000eaed7200) thrown at [t:/workspace/open/src/hotspot/share/prims/jni.cpp, line 615]
Event: 0.380 Thread 0x0000022577ffb000 Exception <a 'java/lang/ClassNotFoundException'{0x00000000eb6612f8}: sun/net/www/protocol/c/Handler> (0x00000000eb6612f8) thrown at [t:/workspace/open/src/hotspot/share/classfile/systemDictionary.cpp, line 235]
Event: 0.380 Thread 0x0000022577ffb000 Exception <a 'java/lang/ClassNotFoundException'{0x00000000eb6627c8}: sun/net/www/protocol/d/Handler> (0x00000000eb6627c8) thrown at [t:/workspace/open/src/hotspot/share/classfile/systemDictionary.cpp, line 235]
Event: 0.380 Thread 0x0000022577ffb000 Exception <a 'java/lang/ClassNotFoundException'{0x00000000eb663af0}: sun/net/www/protocol/c/Handler> (0x00000000eb663af0) thrown at [t:/workspace/open/src/hotspot/share/classfile/systemDictionary.cpp, line 235]
Event: 0.389 Thread 0x0000022577ffb000 Exception <a 'java/io/FileNotFoundException'{0x00000000eb67cbf0}> (0x00000000eb67cbf0) thrown at [t:/workspace/open/src/hotspot/share/prims/jni.cpp, line 615]

Events (10 events):
Event: 0.392 loading class org/eclipse/osgi/internal/util/SupplementDebug
Event: 0.392 loading class org/eclipse/osgi/internal/util/SupplementDebug done
Event: 0.392 loading class org/eclipse/osgi/util/ManifestElement
Event: 0.392 loading class org/eclipse/osgi/util/ManifestElement done
Event: 0.401 loading class org/eclipse/osgi/internal/log/EquinoxLogServices
Event: 0.401 loading class org/eclipse/osgi/internal/log/EquinoxLogServices done
Event: 0.401 loading class org/eclipse/osgi/internal/log/EquinoxLogWriter
Event: 0.401 loading class org/eclipse/osgi/internal/log/EquinoxLogWriter done
Event: 0.402 loading class org/eclipse/equinox/log/SynchronousLogListener
Event: 0.402 loading class org/eclipse/equinox/log/SynchronousLogListener done


Dynamic libraries:
0x00007ff615d90000 - 0x00007ff615d9f000 	C:\Program Files\Java\jdk-12.0.2\bin\java.exe
0x00007ffddbc40000 - 0x00007ffddbe30000 	C:\WINDOWS\SYSTEM32\ntdll.dll
0x00007ffddbb40000 - 0x00007ffddbbf2000 	C:\WINDOWS\System32\KERNEL32.DLL
0x00007ffdd90a0000 - 0x00007ffdd9345000 	C:\WINDOWS\System32\KERNELBASE.dll
0x00007ffdd69a0000 - 0x00007ffdd6a2f000 	C:\WINDOWS\SYSTEM32\apphelp.dll
0x00007ffdd8c80000 - 0x00007ffdd8d7a000 	C:\WINDOWS\System32\ucrtbase.dll
0x00007ffdc17a0000 - 0x00007ffdc17b8000 	C:\Program Files\Java\jdk-12.0.2\bin\jli.dll
0x00007ffdc1950000 - 0x00007ffdc1966000 	C:\Program Files\Java\jdk-12.0.2\bin\VCRUNTIME140.dll
0x00007ffddb7a0000 - 0x00007ffddb843000 	C:\WINDOWS\System32\ADVAPI32.dll
0x00007ffddb560000 - 0x00007ffddb5fe000 	C:\WINDOWS\System32\msvcrt.dll
0x00007ffdda310000 - 0x00007ffdda3a7000 	C:\WINDOWS\System32\sechost.dll
0x00007ffddb110000 - 0x00007ffddb22f000 	C:\WINDOWS\System32\RPCRT4.dll
0x00007ffddb2f0000 - 0x00007ffddb484000 	C:\WINDOWS\System32\USER32.dll
0x00007ffdd9540000 - 0x00007ffdd9561000 	C:\WINDOWS\System32\win32u.dll
0x00007ffdbd700000 - 0x00007ffdbd984000 	C:\WINDOWS\WinSxS\amd64_microsoft.windows.common-controls_6595b64144ccf1df_6.0.18362.1440_none_9e7dbfb9e45e8e67\COMCTL32.dll
0x00007ffddba50000 - 0x00007ffddba76000 	C:\WINDOWS\System32\GDI32.dll
0x00007ffddad70000 - 0x00007ffddb0a6000 	C:\WINDOWS\System32\combase.dll
0x00007ffdd8eb0000 - 0x00007ffdd9048000 	C:\WINDOWS\System32\gdi32full.dll
0x00007ffdd8be0000 - 0x00007ffdd8c7e000 	C:\WINDOWS\System32\msvcp_win.dll
0x00007ffdd9350000 - 0x00007ffdd93d1000 	C:\WINDOWS\System32\bcryptPrimitives.dll
0x00007ffdd3510000 - 0x00007ffdd351a000 	C:\WINDOWS\SYSTEM32\VERSION.dll
0x00007ffddba80000 - 0x00007ffddbaae000 	C:\WINDOWS\System32\IMM32.DLL
0x00007ffdb6070000 - 0x00007ffdb611a000 	C:\Program Files\Java\jdk-12.0.2\bin\msvcp140.dll
0x00007ffd55230000 - 0x00007ffd55da7000 	C:\Program Files\Java\jdk-12.0.2\bin\server\jvm.dll
0x00007ffdda4f0000 - 0x00007ffdda4f8000 	C:\WINDOWS\System32\PSAPI.DLL
0x00007ffdc8d10000 - 0x00007ffdc8d34000 	C:\WINDOWS\SYSTEM32\WINMM.dll
0x00007ffdbdef0000 - 0x00007ffdbdef9000 	C:\WINDOWS\SYSTEM32\WSOCK32.dll
0x00007ffddb680000 - 0x00007ffddb6ef000 	C:\WINDOWS\System32\WS2_32.dll
0x00007ffdc8ce0000 - 0x00007ffdc8d0d000 	C:\WINDOWS\SYSTEM32\WINMMBASE.dll
0x00007ffdd9050000 - 0x00007ffdd909a000 	C:\WINDOWS\System32\cfgmgr32.dll
0x00007ffdd8b20000 - 0x00007ffdd8b31000 	C:\WINDOWS\System32\kernel.appcore.dll
0x00007ffdc02d0000 - 0x00007ffdc02e1000 	C:\Program Files\Java\jdk-12.0.2\bin\verify.dll
0x00007ffdd73b0000 - 0x00007ffdd75a4000 	C:\WINDOWS\SYSTEM32\DBGHELP.DLL
0x00007ffdca680000 - 0x00007ffdca6aa000 	C:\WINDOWS\SYSTEM32\dbgcore.DLL
0x00007ffdbefe0000 - 0x00007ffdbf006000 	C:\Program Files\Java\jdk-12.0.2\bin\java.dll
0x00007ffdbef20000 - 0x00007ffdbef37000 	C:\Program Files\Java\jdk-12.0.2\bin\zip.dll
0x00007ffdc1860000 - 0x00007ffdc186a000 	C:\Program Files\Java\jdk-12.0.2\bin\jimage.dll
0x00007ffdda510000 - 0x00007ffddabf8000 	C:\WINDOWS\System32\SHELL32.dll
0x00007ffddb6f0000 - 0x00007ffddb797000 	C:\WINDOWS\System32\shcore.dll
0x00007ffdd9570000 - 0x00007ffdd9ceb000 	C:\WINDOWS\System32\windows.storage.dll
0x00007ffdd8b40000 - 0x00007ffdd8b5e000 	C:\WINDOWS\System32\profapi.dll
0x00007ffdd8b60000 - 0x00007ffdd8baa000 	C:\WINDOWS\System32\powrprof.dll
0x00007ffdd8af0000 - 0x00007ffdd8b00000 	C:\WINDOWS\System32\UMPDC.dll
0x00007ffddb0b0000 - 0x00007ffddb102000 	C:\WINDOWS\System32\shlwapi.dll
0x00007ffdd8e90000 - 0x00007ffdd8ea7000 	C:\WINDOWS\System32\cryptsp.dll
0x00007ffdbec70000 - 0x00007ffdbec89000 	C:\Program Files\Java\jdk-12.0.2\bin\net.dll
0x00007ffdc2290000 - 0x00007ffdc2467000 	C:\WINDOWS\SYSTEM32\urlmon.dll
0x00007ffdd3e50000 - 0x00007ffdd3f4a000 	C:\WINDOWS\SYSTEM32\WINHTTP.dll
0x00007ffdbe150000 - 0x00007ffdbe3f7000 	C:\WINDOWS\SYSTEM32\iertutil.dll
0x00007ffdd8490000 - 0x00007ffdd849c000 	C:\WINDOWS\SYSTEM32\CRYPTBASE.DLL
0x00007ffdd82f0000 - 0x00007ffdd8357000 	C:\WINDOWS\system32\mswsock.dll
0x00007ffdbcd00000 - 0x00007ffdbcd13000 	C:\Program Files\Java\jdk-12.0.2\bin\nio.dll

dbghelp: loaded successfully - version: 4.0.5 - missing functions: none
symbol engine: initialized successfully - sym options: 0x614 - pdb path: .;C:\Program Files\Java\jdk-12.0.2\bin;C:\WINDOWS\SYSTEM32;C:\WINDOWS\WinSxS\amd64_microsoft.windows.common-controls_6595b64144ccf1df_6.0.18362.1440_none_9e7dbfb9e45e8e67;C:\Program Files\Java\jdk-12.0.2\bin\server

VM Arguments:
jvm_args: --add-modules=ALL-SYSTEM --add-opens=java.base/java.util=ALL-UNNAMED --add-opens=java.base/java.lang=ALL-UNNAMED -Declipse.application=org.eclipse.jdt.ls.core.id1 -Dosgi.bundles.defaultStartLevel=4 -Declipse.product=org.eclipse.jdt.ls.core.product -Dfile.encoding=utf8 -DwatchParentProcess=false -XX:+UseParallelGC -XX:GCTimeRatio=4 -XX:AdaptiveSizePolicyWeight=90 -Dsun.zip.disableMemoryMapping=true -Xmx1G -Xms100m -Xverify:none 
java_command: c:\Users\boy\.vscode\extensions\redhat.java-0.76.0\server\plugins\org.eclipse.equinox.launcher_1.6.100.v20201223-0822.jar -configuration c:\Users\boy\AppData\Roaming\Code\User\globalStorage\redhat.java\0.76.0\config_ss_win -data c:\Users\boy\AppData\Roaming\Code\User\workspaceStorage\0e39402858a8725b0012f595a3b6a445\redhat.java\ss_ws
java_class_path (initial): c:\Users\boy\.vscode\extensions\redhat.java-0.76.0\server\plugins\org.eclipse.equinox.launcher_1.6.100.v20201223-0822.jar
Launcher Type: SUN_STANDARD

[Global flags]
    uintx AdaptiveSizePolicyWeight                 = 90                                        {product} {command line}
     bool BytecodeVerificationLocal                = false                                     {product} {command line}
     bool BytecodeVerificationRemote               = false                                     {product} {command line}
     intx CICompilerCount                          = 4                                         {product} {ergonomic}
    uintx GCTimeRatio                              = 4                                         {product} {command line}
   size_t InitialHeapSize                          = 104857600                                 {product} {command line}
   size_t MaxHeapSize                              = 1073741824                                {product} {command line}
   size_t MaxNewSize                               = 357564416                                 {product} {ergonomic}
   size_t MinHeapDeltaBytes                        = 524288                                    {product} {ergonomic}
   size_t NewSize                                  = 34603008                                  {product} {ergonomic}
    uintx NonNMethodCodeHeapSize                   = 5836300                                {pd product} {ergonomic}
    uintx NonProfiledCodeHeapSize                  = 122910970                              {pd product} {ergonomic}
   size_t OldSize                                  = 70254592                                  {product} {ergonomic}
    uintx ProfiledCodeHeapSize                     = 122910970                              {pd product} {ergonomic}
    uintx ReservedCodeCacheSize                    = 251658240                              {pd product} {ergonomic}
     bool SegmentedCodeCache                       = true                                      {product} {ergonomic}
     bool UseCompressedClassPointers               = true                                 {lp64_product} {ergonomic}
     bool UseCompressedOops                        = true                                 {lp64_product} {ergonomic}
     bool UseLargePagesIndividualAllocation        = false                                  {pd product} {ergonomic}
     bool UseParallelGC                            = true                                      {product} {command line}

Logging:
Log output configuration:
 #0: stdout all=warning uptime,level,tags
 #1: stderr all=off uptime,level,tags

Environment Variables:
JAVA_HOME=C:\Program Files\Java\jdk-12.0.2
PATH=C:\Program Files\Oracle\VirtualBox\;C:\Program Files (x86)\Common Files\Oracle\Java\javapath;C:\Program Files (x86)\Intel\Intel(R) Management Engine Components\iCLS\;C:\Program Files\Intel\Intel(R) Management Engine Components\iCLS\;C:\windows\system32;C:\windows;C:\windows\System32\Wbem;C:\windows\System32\WindowsPowerShell\v1.0\;C:\Program Files (x86)\Intel\Intel(R) Management Engine Components\DAL;C:\Program Files\Intel\Intel(R) Management Engine Components\DAL;C:\Program Files (x86)\Intel\Intel(R) Management Engine Components\IPT;C:\Program Files\Intel\Intel(R) Management Engine Components\IPT;C:\Program Files (x86)\NVIDIA Corporation\PhysX\Common;C:\WINDOWS\system32;C:\WINDOWS;C:\WINDOWS\System32\Wbem;C:\WINDOWS\System32\WindowsPowerShell\v1.0\;C:\WINDOWS\System32\OpenSSH\;C:\Program Files\NVIDIA Corporation\NVIDIA NvDLISR;C:\WINDOWS\system32;C:\WINDOWS;C:\WINDOWS\System32\Wbem;C:\WINDOWS\System32\WindowsPowerShell\v1.0\;C:\WINDOWS\System32\OpenSSH\;C:\ProgramData\Anaconda3;C:\ProgramData\Anaconda3\Scripts;C:\ProgramData\Anaconda3\Library\bin;C:\Program Files\Microsoft VS Code\bin;C:\Program Files\Intel\WiFi\bin\;C:\Program Files\Common Files\Intel\WirelessCommon\;D:\Chris\Prog\Odoo 12.0\python;D:\Chris\Prog\Amazon\AWSCLIV2\;D:\Chris\Prog\Amazon\AWSCLI\bin\;D:\Chris\Prog;C:\Program Files\dotnet\;C:\src\flutter\bin;C:\Users\bchri\AppData\Roaming\nvm;C:\Program Files\nodejs;C:\Program Files\Docker\Docker\resources\bin;C:\ProgramData\DockerDesktop\version-bin;C:\Program Files\Java\jdk-12.0.2\bin;C:\Users\boy\AppData\Local\Microsoft\WindowsApps;C:\Users\boy\AppData\Local\Programs\Git\cmd;C:\Users\boy\AppData\Local\Programs\Git\mingw32\bin;C:\Users\boy\AppData\Local\Programs\Git\usr\bin;C:\Users\boy\AppData\Local\Programs\Microsoft VS Code\bin;C:\src\flutter\bin;C:\Users\boy\AppData\Roaming\npm;D:\Chris\Odoo 12.0\python;C:\Users\boy\.dotnet\tools
USERNAME=boy
OS=Windows_NT
PROCESSOR_IDENTIFIER=Intel64 Family 6 Model 158 Stepping 10, GenuineIntel



---------------  S Y S T E M  ---------------

OS: Windows 10 , 64 bit Build 18362 (10.0.18362.1350)

CPU:total 12 (initial active 12) (6 cores per cpu, 2 threads per core) family 6 model 158 stepping 10, cmov, cx8, fxsr, mmx, sse, sse2, sse3, ssse3, sse4.1, sse4.2, popcnt, avx, avx2, aes, clmul, erms, 3dnowpref, lzcnt, ht, tsc, tscinvbit, bmi1, bmi2, adx, fma

Memory: 4k page, system-wide physical 16300M (660M free)
TotalPageFile size 42829M (AvailPageFile size 37M)
current process WorkingSet (physical memory assigned to process): 55M, peak: 56M
current process commit charge ("private bytes"): 203M, peak: 204M

vm_info: Java HotSpot(TM) 64-Bit Server VM (12.0.2+10) for windows-amd64 JRE (12.0.2+10), built on Jul 16 2019 01:56:17 by "mach5one" with MS VC++ 15.5 (VS2017)

END.
