#
# There is insufficient memory for the Java Runtime Environment to continue.
# Native memory allocation (malloc) failed to allocate 1115216 bytes for Chunk::new
# Possible reasons:
#   The system is out of physical RAM or swap space
#   The process is running with CompressedOops enabled, and the Java Heap may be blocking the growth of the native heap
# Possible solutions:
#   Reduce memory load on the system
#   Increase physical memory or swap space
#   Check if swap backing store is full
#   Decrease Java heap size (-Xmx/-Xms)
#   Decrease number of Java threads
#   Decrease Java thread stack sizes (-Xss)
#   Set larger code cache with -XX:ReservedCodeCacheSize=
#   JVM is running with Unscaled Compressed Oops mode in which the Java heap is
#     placed in the first 4GB address space. The Java Heap base address is the
#     maximum limit for the native heap growth. Please use -XX:HeapBaseMinAddress
#     to set the Java Heap base and to place the Java Heap above 4GB virtual address.
# This output file may be truncated or incomplete.
#
#  Out of Memory Error (t:/workspace/open/src/hotspot/share/memory/arena.cpp:197), pid=93240, tid=149456
#
# JRE version: Java(TM) SE Runtime Environment (12.0.2+10) (build 12.0.2+10)
# Java VM: Java HotSpot(TM) 64-Bit Server VM (12.0.2+10, mixed mode, sharing, tiered, compressed oops, parallel gc, windows-amd64)
# No core dump will be written. Minidumps are not enabled by default on client versions of Windows
#

---------------  S U M M A R Y ------------

Command Line: --add-modules=ALL-SYSTEM --add-opens=java.base/java.util=ALL-UNNAMED --add-opens=java.base/java.lang=ALL-UNNAMED -Declipse.application=org.eclipse.jdt.ls.core.id1 -Dosgi.bundles.defaultStartLevel=4 -Declipse.product=org.eclipse.jdt.ls.core.product -Dfile.encoding=utf8 -DwatchParentProcess=false -XX:+UseParallelGC -XX:GCTimeRatio=4 -XX:AdaptiveSizePolicyWeight=90 -Dsun.zip.disableMemoryMapping=true -Xmx1G -Xms100m -Xverify:none c:\Users\boy\.vscode\extensions\redhat.java-0.76.0\server\plugins\org.eclipse.equinox.launcher_1.6.100.v20201223-0822.jar -configuration c:\Users\boy\AppData\Roaming\Code\User\globalStorage\redhat.java\0.76.0\config_win -data c:\Users\boy\AppData\Roaming\Code\User\workspaceStorage\0e39402858a8725b0012f595a3b6a445\redhat.java\jdt_ws

Host: Intel(R) Core(TM) i7-8750H CPU @ 2.20GHz, 12 cores, 15G,  Windows 10 , 64 bit Build 18362 (10.0.18362.1350)
Time: Sat Mar 27 16:04:34 2021 Greenwich Standard Time elapsed time: 0 seconds (0d 0h 0m 0s)

---------------  T H R E A D  ---------------

Current thread (0x000001b9eb9dc800):  JavaThread "C2 CompilerThread0" daemon [_thread_in_native, id=149456, stack(0x0000008419200000,0x0000008419300000)]


Current CompileTask:
C2:    400  562   !   4       java.util.jar.Attributes::read (526 bytes)

Stack: [0x0000008419200000,0x0000008419300000]
Native frames: (J=compiled Java code, j=interpreted, Vv=VM code, C=native code)
V  [jvm.dll+0x63aa2a]
V  [jvm.dll+0x78ce1e]
V  [jvm.dll+0x78e4c1]
V  [jvm.dll+0x78eb13]
V  [jvm.dll+0x2627e8]
V  [jvm.dll+0xc55cc]
V  [jvm.dll+0xc5b4c]
V  [jvm.dll+0x37a677]
V  [jvm.dll+0x1af2d0]
V  [jvm.dll+0x21c312]
V  [jvm.dll+0x21b3da]
V  [jvm.dll+0x199a20]
V  [jvm.dll+0x22a744]
V  [jvm.dll+0x228d98]
V  [jvm.dll+0x7512a0]
V  [jvm.dll+0x74a2c8]
V  [jvm.dll+0x639b16]
C  [ucrtbase.dll+0x210b2]
C  [KERNEL32.DLL+0x17c24]
C  [ntdll.dll+0x6d721]


---------------  P R O C E S S  ---------------

Threads class SMR info:
_java_thread_list=0x000001b9ecdf4110, length=11, elements={
0x000001b9d1be7000, 0x000001b9d1ca0000, 0x000001b9d1ca3000, 0x000001b9eb9d5800,
0x000001b9eb9d9000, 0x000001b9eb9dc800, 0x000001b9ecc68800, 0x000001b9ecc6a000,
0x000001b9ecd7a000, 0x000001b9ecd8b800, 0x000001b9ecdf7800
}

Java Threads: ( => current thread )
  0x000001b9d1be7000 JavaThread "main" [_thread_in_native, id=75564, stack(0x0000008418b00000,0x0000008418c00000)]
  0x000001b9d1ca0000 JavaThread "Reference Handler" daemon [_thread_blocked, id=126996, stack(0x0000008418e00000,0x0000008418f00000)]
  0x000001b9d1ca3000 JavaThread "Finalizer" daemon [_thread_blocked, id=66004, stack(0x0000008418f00000,0x0000008419000000)]
  0x000001b9eb9d5800 JavaThread "Signal Dispatcher" daemon [_thread_blocked, id=28768, stack(0x0000008419000000,0x0000008419100000)]
  0x000001b9eb9d9000 JavaThread "Attach Listener" daemon [_thread_blocked, id=91616, stack(0x0000008419100000,0x0000008419200000)]
=>0x000001b9eb9dc800 JavaThread "C2 CompilerThread0" daemon [_thread_in_native, id=149456, stack(0x0000008419200000,0x0000008419300000)]
  0x000001b9ecc68800 JavaThread "C1 CompilerThread0" daemon [_thread_blocked, id=86900, stack(0x0000008419300000,0x0000008419400000)]
  0x000001b9ecc6a000 JavaThread "Sweeper thread" daemon [_thread_blocked, id=160692, stack(0x0000008419400000,0x0000008419500000)]
  0x000001b9ecd7a000 JavaThread "Common-Cleaner" daemon [_thread_blocked, id=38336, stack(0x0000008419500000,0x0000008419600000)]
  0x000001b9ecd8b800 JavaThread "C2 CompilerThread1" daemon [_thread_blocked, id=96528, stack(0x0000008419600000,0x0000008419700000)]
  0x000001b9ecdf7800 JavaThread "Service Thread" daemon [_thread_blocked, id=6148, stack(0x0000008419700000,0x0000008419800000)]

Other Threads:
  0x000001b9eb9c1800 VMThread "VM Thread" [stack: 0x0000008418d00000,0x0000008418e00000] [id=53716]
  0x000001b9ece3b800 WatcherThread [stack: 0x0000008419800000,0x0000008419900000] [id=117120]
  0x000001b9d1bfd800 GCTaskThread "ParGC Thread#0" [stack: 0x0000008418c00000,0x0000008418d00000] [id=75212]

Threads with active compile tasks:
C2 CompilerThread0   562   !   4       java.util.jar.Attributes::read (526 bytes)

VM state:not at safepoint (normal execution)

VM Mutex/Monitor currently owned by a thread: None

Heap address: 0x00000000c0000000, size: 1024 MB, Compressed Oops mode: 32-bit
Narrow klass base: 0x0000000800000000, Narrow klass shift: 3
Compressed class space size: 1073741824 Address: 0x0000000801190000

Heap:
 PSYoungGen      total 29696K, used 14408K [0x00000000eab00000, 0x00000000ecc00000, 0x0000000100000000)
  eden space 25600K, 56% used [0x00000000eab00000,0x00000000eb912330,0x00000000ec400000)
  from space 4096K, 0% used [0x00000000ec800000,0x00000000ec800000,0x00000000ecc00000)
  to   space 4096K, 0% used [0x00000000ec400000,0x00000000ec400000,0x00000000ec800000)
 ParOldGen       total 68608K, used 0K [0x00000000c0000000, 0x00000000c4300000, 0x00000000eab00000)
  object space 68608K, 0% used [0x00000000c0000000,0x00000000c0000000,0x00000000c4300000)
 Metaspace       used 4192K, capacity 5563K, committed 5760K, reserved 1056768K
  class space    used 396K, capacity 517K, committed 640K, reserved 1048576K

Card table byte_map: [0x000001b9d1590000,0x000001b9d17a0000] _byte_map_base: 0x000001b9d0f90000

Marking Bits: (ParMarkBitMap*) 0x00007ffd55cdedd0
 Begin Bits: [0x000001b9e8fe0000, 0x000001b9e9fe0000)
 End Bits:   [0x000001b9e9fe0000, 0x000001b9eafe0000)

Polling page: 0x000001b9cfb40000

Metaspace:

Usage:
  Non-class:      4.93 MB capacity,     3.71 MB ( 75%) used,     1.21 MB ( 25%) free+waste,     7.50 KB ( <1%) overhead. 
      Class:    517.00 KB capacity,   396.70 KB ( 77%) used,   116.18 KB ( 22%) free+waste,     4.13 KB ( <1%) overhead. 
       Both:      5.43 MB capacity,     4.09 MB ( 75%) used,     1.33 MB ( 24%) free+waste,    11.63 KB ( <1%) overhead. 

Virtual space:
  Non-class space:        8.00 MB reserved,       5.00 MB ( 63%) committed 
      Class space:        1.00 GB reserved,     640.00 KB ( <1%) committed 
             Both:        1.01 GB reserved,       5.63 MB ( <1%) committed 

Chunk freelists:
   Non-Class:  1.25 KB
       Class:  0 bytes
        Both:  1.25 KB

CodeHeap 'non-profiled nmethods': size=120000Kb used=225Kb max_used=225Kb free=119774Kb
 bounds [0x000001b9e1ab0000, 0x000001b9e1d20000, 0x000001b9e8fe0000]
CodeHeap 'profiled nmethods': size=120000Kb used=1207Kb max_used=1207Kb free=118792Kb
 bounds [0x000001b9da580000, 0x000001b9da7f0000, 0x000001b9e1ab0000]
CodeHeap 'non-nmethods': size=5760Kb used=1091Kb max_used=1102Kb free=4668Kb
 bounds [0x000001b9d9fe0000, 0x000001b9da250000, 0x000001b9da580000]
 total_blobs=1340 nmethods=767 adapters=300
 compilation: enabled
              stopped_count=0, restarted_count=0
 full_count=0

Compilation events (10 events):
Event: 0.393 Thread 0x000001b9ecc68800  756       1       java.lang.invoke.MethodTypeForm::basicType (5 bytes)
Event: 0.393 Thread 0x000001b9ecc68800 nmethod 756 0x000001b9e1ae7310 code [0x000001b9e1ae74c0, 0x000001b9e1ae75f8]
Event: 0.393 Thread 0x000001b9ecc68800  758       3       java.lang.invoke.MemberName::getMethodOrFieldType (72 bytes)
Event: 0.394 Thread 0x000001b9ecc68800 nmethod 758 0x000001b9da6a8d90 code [0x000001b9da6a9100, 0x000001b9da6aa410]
Event: 0.395 Thread 0x000001b9ecc68800  761       3       java.lang.invoke.LambdaForm$BasicType::basicType (19 bytes)
Event: 0.395 Thread 0x000001b9ecc68800 nmethod 761 0x000001b9da6aaa90 code [0x000001b9da6aac80, 0x000001b9da6aaf20]
Event: 0.395 Thread 0x000001b9ecc68800  760       3       java.lang.invoke.MemberName::isConstructor (7 bytes)
Event: 0.395 Thread 0x000001b9ecc68800 nmethod 760 0x000001b9da6ab090 code [0x000001b9da6ab260, 0x000001b9da6ab518]
Event: 0.395 Thread 0x000001b9ecc68800  762       3       java.security.Provider::checkInitialized (16 bytes)
Event: 0.396 Thread 0x000001b9ecc68800 nmethod 762 0x000001b9da6ab610 code [0x000001b9da6ab7e0, 0x000001b9da6aba10]

GC Heap History (0 events):
No events

Deoptimization events (10 events):
Event: 0.101 Thread 0x000001b9d1be7000 Uncommon trap: reason=unstable_if action=reinterpret pc=0x000001b9e1abc608 method=java.lang.String.isLatin1()Z @ 10 c2
Event: 0.113 Thread 0x000001b9d1be7000 Uncommon trap: reason=class_check action=maybe_recompile pc=0x000001b9e1abebb4 method=java.util.HashMap.putVal(ILjava/lang/Object;Ljava/lang/Object;ZZ)Ljava/lang/Object; @ 152 c2
Event: 0.113 Thread 0x000001b9d1be7000 Uncommon trap: reason=class_check action=maybe_recompile pc=0x000001b9e1abebb4 method=java.util.HashMap.putVal(ILjava/lang/Object;Ljava/lang/Object;ZZ)Ljava/lang/Object; @ 152 c2
Event: 0.113 Thread 0x000001b9d1be7000 Uncommon trap: reason=class_check action=maybe_recompile pc=0x000001b9e1abebb4 method=java.util.HashMap.putVal(ILjava/lang/Object;Ljava/lang/Object;ZZ)Ljava/lang/Object; @ 152 c2
Event: 0.113 Thread 0x000001b9d1be7000 Uncommon trap: reason=class_check action=maybe_recompile pc=0x000001b9e1abebb4 method=java.util.HashMap.putVal(ILjava/lang/Object;Ljava/lang/Object;ZZ)Ljava/lang/Object; @ 152 c2
Event: 0.180 Thread 0x000001b9d1be7000 Uncommon trap: reason=unstable_if action=reinterpret pc=0x000001b9e1ac2388 method=java.util.HashMap.putVal(ILjava/lang/Object;Ljava/lang/Object;ZZ)Ljava/lang/Object; @ 181 c2
Event: 0.284 Thread 0x000001b9d1be7000 Uncommon trap: reason=unstable_if action=reinterpret pc=0x000001b9e1ad2914 method=java.util.HashMap.getNode(ILjava/lang/Object;)Ljava/util/HashMap$Node; @ 62 c2
Event: 0.354 Thread 0x000001b9d1be7000 Uncommon trap: reason=unstable_if action=reinterpret pc=0x000001b9e1ad9d98 method=java.util.HashMap.hash(Ljava/lang/Object;)I @ 1 c2
Event: 0.356 Thread 0x000001b9d1be7000 Uncommon trap: reason=unstable_if action=reinterpret pc=0x000001b9e1adce5c method=java.util.HashMap.hash(Ljava/lang/Object;)I @ 1 c2
Event: 0.357 Thread 0x000001b9d1be7000 Uncommon trap: reason=unstable_if action=reinterpret pc=0x000001b9e1ad3e28 method=java.util.HashMap.hash(Ljava/lang/Object;)I @ 1 c2

Classes redefined (0 events):
No events

Internal exceptions (10 events):
Event: 0.321 Thread 0x000001b9d1be7000 Exception <a 'java/lang/ClassNotFoundException'{0x00000000eb66c840}: sun/net/www/protocol/c/Handler> (0x00000000eb66c840) thrown at [t:/workspace/open/src/hotspot/share/classfile/systemDictionary.cpp, line 235]
Event: 0.328 Thread 0x000001b9d1be7000 Exception <a 'java/io/FileNotFoundException'{0x00000000eb68c828}> (0x00000000eb68c828) thrown at [t:/workspace/open/src/hotspot/share/prims/jni.cpp, line 615]
Event: 0.354 Thread 0x000001b9d1be7000 Implicit null exception at 0x000001b9e1ad9b85 to 0x000001b9e1ad9d86
Event: 0.356 Thread 0x000001b9d1be7000 Implicit null exception at 0x000001b9e1adcdcf to 0x000001b9e1adce4d
Event: 0.357 Thread 0x000001b9d1be7000 Implicit null exception at 0x000001b9e1ad348b to 0x000001b9e1ad3e0e
Event: 0.378 Thread 0x000001b9d1be7000 Exception <a 'java/lang/NoSuchMethodError'{0x00000000eb82ae28}: java.lang.invoke.DirectMethodHandle$Holder.invokeStaticInit(Ljava/lang/Object;Ljava/lang/Object;Ljava/lang/Object;Ljava/lang/Object;)I> (0x00000000eb82ae28) thrown at [t:/workspace/open/src/h
Event: 0.380 Thread 0x000001b9d1be7000 Exception <a 'java/lang/IncompatibleClassChangeError'{0x00000000eb834530}: Found class java.lang.Object, but interface was expected> (0x00000000eb834530) thrown at [t:/workspace/open/src/hotspot/share/interpreter/linkResolver.cpp, line 843]
Event: 0.380 Thread 0x000001b9d1be7000 Exception <a 'java/lang/NoSuchMethodError'{0x00000000eb837378}: java.lang.invoke.DirectMethodHandle$Holder.invokeStaticInit(Ljava/lang/Object;Ljava/lang/Object;)V> (0x00000000eb837378) thrown at [t:/workspace/open/src/hotspot/share/interpreter/linkResolve
Event: 0.381 Thread 0x000001b9d1be7000 Exception <a 'java/lang/NoSuchMethodError'{0x00000000eb83c238}: java.lang.invoke.DirectMethodHandle$Holder.invokeStaticInit(Ljava/lang/Object;Ljava/lang/Object;)I> (0x00000000eb83c238) thrown at [t:/workspace/open/src/hotspot/share/interpreter/linkResolve
Event: 0.395 Thread 0x000001b9d1be7000 Exception <a 'java/lang/NoSuchMethodError'{0x00000000eb888b48}: java.lang.invoke.DirectMethodHandle$Holder.invokeStaticInit(Ljava/lang/Object;IIII)Ljava/lang/Object;> (0x00000000eb888b48) thrown at [t:/workspace/open/src/hotspot/share/interpreter/linkReso

Events (10 events):
Event: 0.395 loading class sun/security/provider/EntropySource
Event: 0.395 loading class sun/security/provider/EntropySource done
Event: 0.395 loading class java/security/DrbgParameters$NextBytes
Event: 0.395 loading class java/security/DrbgParameters$NextBytes done
Event: 0.395 loading class sun/security/provider/AbstractDrbg$SeederHolder
Event: 0.396 loading class sun/security/provider/AbstractDrbg$SeederHolder done
Event: 0.396 loading class sun/security/provider/SeedGenerator
Event: 0.396 loading class sun/security/provider/SeedGenerator done
Event: 0.396 loading class sun/security/provider/NativeSeedGenerator
Event: 0.396 loading class sun/security/provider/NativeSeedGenerator done


Dynamic libraries:
0x00007ff615d90000 - 0x00007ff615d9f000 	C:\Program Files\Java\jdk-12.0.2\bin\java.exe
0x00007ffddbc40000 - 0x00007ffddbe30000 	C:\WINDOWS\SYSTEM32\ntdll.dll
0x00007ffddbb40000 - 0x00007ffddbbf2000 	C:\WINDOWS\System32\KERNEL32.DLL
0x00007ffdd90a0000 - 0x00007ffdd9345000 	C:\WINDOWS\System32\KERNELBASE.dll
0x00007ffdd69a0000 - 0x00007ffdd6a2f000 	C:\WINDOWS\SYSTEM32\apphelp.dll
0x00007ffdd8c80000 - 0x00007ffdd8d7a000 	C:\WINDOWS\System32\ucrtbase.dll
0x00007ffdc1950000 - 0x00007ffdc1966000 	C:\Program Files\Java\jdk-12.0.2\bin\VCRUNTIME140.dll
0x00007ffdc17a0000 - 0x00007ffdc17b8000 	C:\Program Files\Java\jdk-12.0.2\bin\jli.dll
0x00007ffddb7a0000 - 0x00007ffddb843000 	C:\WINDOWS\System32\ADVAPI32.dll
0x00007ffddb560000 - 0x00007ffddb5fe000 	C:\WINDOWS\System32\msvcrt.dll
0x00007ffdda310000 - 0x00007ffdda3a7000 	C:\WINDOWS\System32\sechost.dll
0x00007ffddb110000 - 0x00007ffddb22f000 	C:\WINDOWS\System32\RPCRT4.dll
0x00007ffddb2f0000 - 0x00007ffddb484000 	C:\WINDOWS\System32\USER32.dll
0x00007ffdd9540000 - 0x00007ffdd9561000 	C:\WINDOWS\System32\win32u.dll
0x00007ffdbd700000 - 0x00007ffdbd984000 	C:\WINDOWS\WinSxS\amd64_microsoft.windows.common-controls_6595b64144ccf1df_6.0.18362.1440_none_9e7dbfb9e45e8e67\COMCTL32.dll
0x00007ffddba50000 - 0x00007ffddba76000 	C:\WINDOWS\System32\GDI32.dll
0x00007ffddad70000 - 0x00007ffddb0a6000 	C:\WINDOWS\System32\combase.dll
0x00007ffdd8eb0000 - 0x00007ffdd9048000 	C:\WINDOWS\System32\gdi32full.dll
0x00007ffdd9350000 - 0x00007ffdd93d1000 	C:\WINDOWS\System32\bcryptPrimitives.dll
0x00007ffdd8be0000 - 0x00007ffdd8c7e000 	C:\WINDOWS\System32\msvcp_win.dll
0x00007ffdd3510000 - 0x00007ffdd351a000 	C:\WINDOWS\SYSTEM32\VERSION.dll
0x00007ffddba80000 - 0x00007ffddbaae000 	C:\WINDOWS\System32\IMM32.DLL
0x00007ffdb6070000 - 0x00007ffdb611a000 	C:\Program Files\Java\jdk-12.0.2\bin\msvcp140.dll
0x00007ffd55230000 - 0x00007ffd55da7000 	C:\Program Files\Java\jdk-12.0.2\bin\server\jvm.dll
0x00007ffdda4f0000 - 0x00007ffdda4f8000 	C:\WINDOWS\System32\PSAPI.DLL
0x00007ffdbdef0000 - 0x00007ffdbdef9000 	C:\WINDOWS\SYSTEM32\WSOCK32.dll
0x00007ffddb680000 - 0x00007ffddb6ef000 	C:\WINDOWS\System32\WS2_32.dll
0x00007ffdc8d10000 - 0x00007ffdc8d34000 	C:\WINDOWS\SYSTEM32\WINMM.dll
0x00007ffdc8ce0000 - 0x00007ffdc8d0d000 	C:\WINDOWS\SYSTEM32\winmmbase.dll
0x00007ffdd9050000 - 0x00007ffdd909a000 	C:\WINDOWS\System32\cfgmgr32.dll
0x00007ffdd8b20000 - 0x00007ffdd8b31000 	C:\WINDOWS\System32\kernel.appcore.dll
0x00007ffdc02d0000 - 0x00007ffdc02e1000 	C:\Program Files\Java\jdk-12.0.2\bin\verify.dll
0x00007ffdd73b0000 - 0x00007ffdd75a4000 	C:\WINDOWS\SYSTEM32\DBGHELP.DLL
0x00007ffdca680000 - 0x00007ffdca6aa000 	C:\WINDOWS\SYSTEM32\dbgcore.DLL
0x00007ffdbefe0000 - 0x00007ffdbf006000 	C:\Program Files\Java\jdk-12.0.2\bin\java.dll
0x00007ffdbef20000 - 0x00007ffdbef37000 	C:\Program Files\Java\jdk-12.0.2\bin\zip.dll
0x00007ffdc1860000 - 0x00007ffdc186a000 	C:\Program Files\Java\jdk-12.0.2\bin\jimage.dll
0x00007ffdda510000 - 0x00007ffddabf8000 	C:\WINDOWS\System32\SHELL32.dll
0x00007ffddb6f0000 - 0x00007ffddb797000 	C:\WINDOWS\System32\shcore.dll
0x00007ffdd9570000 - 0x00007ffdd9ceb000 	C:\WINDOWS\System32\windows.storage.dll
0x00007ffdd8b40000 - 0x00007ffdd8b5e000 	C:\WINDOWS\System32\profapi.dll
0x00007ffdd8b60000 - 0x00007ffdd8baa000 	C:\WINDOWS\System32\powrprof.dll
0x00007ffdd8af0000 - 0x00007ffdd8b00000 	C:\WINDOWS\System32\UMPDC.dll
0x00007ffddb0b0000 - 0x00007ffddb102000 	C:\WINDOWS\System32\shlwapi.dll
0x00007ffdd8e90000 - 0x00007ffdd8ea7000 	C:\WINDOWS\System32\cryptsp.dll
0x00007ffdbec70000 - 0x00007ffdbec89000 	C:\Program Files\Java\jdk-12.0.2\bin\net.dll
0x00007ffdd3e50000 - 0x00007ffdd3f4a000 	C:\WINDOWS\SYSTEM32\WINHTTP.dll
0x00007ffdc2290000 - 0x00007ffdc2467000 	C:\WINDOWS\SYSTEM32\urlmon.dll
0x00007ffdbe150000 - 0x00007ffdbe3f7000 	C:\WINDOWS\SYSTEM32\iertutil.dll
0x00007ffdd8490000 - 0x00007ffdd849c000 	C:\WINDOWS\SYSTEM32\CRYPTBASE.DLL
0x00007ffdd82f0000 - 0x00007ffdd8357000 	C:\WINDOWS\system32\mswsock.dll
0x00007ffdbcd00000 - 0x00007ffdbcd13000 	C:\Program Files\Java\jdk-12.0.2\bin\nio.dll
0x00007ffdd7e10000 - 0x00007ffdd7e43000 	C:\WINDOWS\system32\rsaenh.dll
0x00007ffdd8bb0000 - 0x00007ffdd8bd6000 	C:\WINDOWS\System32\bcrypt.dll
0x00007ffdd89d0000 - 0x00007ffdd89f5000 	C:\WINDOWS\SYSTEM32\USERENV.dll
0x00007ffdd7fa0000 - 0x00007ffdd7fda000 	C:\WINDOWS\SYSTEM32\IPHLPAPI.DLL
0x00007ffddac00000 - 0x00007ffddac08000 	C:\WINDOWS\System32\NSI.dll
0x00007ffdd5270000 - 0x00007ffdd5286000 	C:\WINDOWS\SYSTEM32\dhcpcsvc6.DLL

dbghelp: loaded successfully - version: 4.0.5 - missing functions: none
symbol engine: initialized successfully - sym options: 0x614 - pdb path: .;C:\Program Files\Java\jdk-12.0.2\bin;C:\WINDOWS\SYSTEM32;C:\WINDOWS\WinSxS\amd64_microsoft.windows.common-controls_6595b64144ccf1df_6.0.18362.1440_none_9e7dbfb9e45e8e67;C:\Program Files\Java\jdk-12.0.2\bin\server

VM Arguments:
jvm_args: --add-modules=ALL-SYSTEM --add-opens=java.base/java.util=ALL-UNNAMED --add-opens=java.base/java.lang=ALL-UNNAMED -Declipse.application=org.eclipse.jdt.ls.core.id1 -Dosgi.bundles.defaultStartLevel=4 -Declipse.product=org.eclipse.jdt.ls.core.product -Dfile.encoding=utf8 -DwatchParentProcess=false -XX:+UseParallelGC -XX:GCTimeRatio=4 -XX:AdaptiveSizePolicyWeight=90 -Dsun.zip.disableMemoryMapping=true -Xmx1G -Xms100m -Xverify:none 
java_command: c:\Users\boy\.vscode\extensions\redhat.java-0.76.0\server\plugins\org.eclipse.equinox.launcher_1.6.100.v20201223-0822.jar -configuration c:\Users\boy\AppData\Roaming\Code\User\globalStorage\redhat.java\0.76.0\config_win -data c:\Users\boy\AppData\Roaming\Code\User\workspaceStorage\0e39402858a8725b0012f595a3b6a445\redhat.java\jdt_ws
java_class_path (initial): c:\Users\boy\.vscode\extensions\redhat.java-0.76.0\server\plugins\org.eclipse.equinox.launcher_1.6.100.v20201223-0822.jar
Launcher Type: SUN_STANDARD

[Global flags]
    uintx AdaptiveSizePolicyWeight                 = 90                                        {product} {command line}
     bool BytecodeVerificationLocal                = false                                     {product} {command line}
     bool BytecodeVerificationRemote               = false                                     {product} {command line}
     intx CICompilerCount                          = 4                                         {product} {ergonomic}
    uintx GCTimeRatio                              = 4                                         {product} {command line}
   size_t InitialHeapSize                          = 104857600                                 {product} {command line}
   size_t MaxHeapSize                              = 1073741824                                {product} {command line}
   size_t MaxNewSize                               = 357564416                                 {product} {ergonomic}
   size_t MinHeapDeltaBytes                        = 524288                                    {product} {ergonomic}
   size_t NewSize                                  = 34603008                                  {product} {ergonomic}
    uintx NonNMethodCodeHeapSize                   = 5836300                                {pd product} {ergonomic}
    uintx NonProfiledCodeHeapSize                  = 122910970                              {pd product} {ergonomic}
   size_t OldSize                                  = 70254592                                  {product} {ergonomic}
    uintx ProfiledCodeHeapSize                     = 122910970                              {pd product} {ergonomic}
    uintx ReservedCodeCacheSize                    = 251658240                              {pd product} {ergonomic}
     bool SegmentedCodeCache                       = true                                      {product} {ergonomic}
     bool UseCompressedClassPointers               = true                                 {lp64_product} {ergonomic}
     bool UseCompressedOops                        = true                                 {lp64_product} {ergonomic}
     bool UseLargePagesIndividualAllocation        = false                                  {pd product} {ergonomic}
     bool UseParallelGC                            = true                                      {product} {command line}

Logging:
Log output configuration:
 #0: stdout all=warning uptime,level,tags
 #1: stderr all=off uptime,level,tags

Environment Variables:
JAVA_HOME=C:\Program Files\Java\jdk-12.0.2
PATH=C:\Program Files\Oracle\VirtualBox\;C:\Program Files (x86)\Common Files\Oracle\Java\javapath;C:\Program Files (x86)\Intel\Intel(R) Management Engine Components\iCLS\;C:\Program Files\Intel\Intel(R) Management Engine Components\iCLS\;C:\windows\system32;C:\windows;C:\windows\System32\Wbem;C:\windows\System32\WindowsPowerShell\v1.0\;C:\Program Files (x86)\Intel\Intel(R) Management Engine Components\DAL;C:\Program Files\Intel\Intel(R) Management Engine Components\DAL;C:\Program Files (x86)\Intel\Intel(R) Management Engine Components\IPT;C:\Program Files\Intel\Intel(R) Management Engine Components\IPT;C:\Program Files (x86)\NVIDIA Corporation\PhysX\Common;C:\WINDOWS\system32;C:\WINDOWS;C:\WINDOWS\System32\Wbem;C:\WINDOWS\System32\WindowsPowerShell\v1.0\;C:\WINDOWS\System32\OpenSSH\;C:\Program Files\NVIDIA Corporation\NVIDIA NvDLISR;C:\WINDOWS\system32;C:\WINDOWS;C:\WINDOWS\System32\Wbem;C:\WINDOWS\System32\WindowsPowerShell\v1.0\;C:\WINDOWS\System32\OpenSSH\;C:\ProgramData\Anaconda3;C:\ProgramData\Anaconda3\Scripts;C:\ProgramData\Anaconda3\Library\bin;C:\Program Files\Microsoft VS Code\bin;C:\Program Files\Intel\WiFi\bin\;C:\Program Files\Common Files\Intel\WirelessCommon\;D:\Chris\Prog\Odoo 12.0\python;D:\Chris\Prog\Amazon\AWSCLIV2\;D:\Chris\Prog\Amazon\AWSCLI\bin\;D:\Chris\Prog;C:\Program Files\dotnet\;C:\src\flutter\bin;C:\Users\bchri\AppData\Roaming\nvm;C:\Program Files\nodejs;C:\Program Files\Docker\Docker\resources\bin;C:\ProgramData\DockerDesktop\version-bin;C:\Program Files\Java\jdk-12.0.2\bin;C:\Users\boy\AppData\Local\Microsoft\WindowsApps;C:\Users\boy\AppData\Local\Programs\Git\cmd;C:\Users\boy\AppData\Local\Programs\Git\mingw32\bin;C:\Users\boy\AppData\Local\Programs\Git\usr\bin;C:\Users\boy\AppData\Local\Programs\Microsoft VS Code\bin;C:\src\flutter\bin;C:\Users\boy\AppData\Roaming\npm;D:\Chris\Odoo 12.0\python;C:\Users\boy\.dotnet\tools
USERNAME=boy
OS=Windows_NT
PROCESSOR_IDENTIFIER=Intel64 Family 6 Model 158 Stepping 10, GenuineIntel



---------------  S Y S T E M  ---------------

OS: Windows 10 , 64 bit Build 18362 (10.0.18362.1350)

CPU:total 12 (initial active 12) (6 cores per cpu, 2 threads per core) family 6 model 158 stepping 10, cmov, cx8, fxsr, mmx, sse, sse2, sse3, ssse3, sse4.1, sse4.2, popcnt, avx, avx2, aes, clmul, erms, 3dnowpref, lzcnt, ht, tsc, tscinvbit, bmi1, bmi2, adx, fma

Memory: 4k page, system-wide physical 16300M (634M free)
TotalPageFile size 42829M (AvailPageFile size 5M)
current process WorkingSet (physical memory assigned to process): 60M, peak: 60M
current process commit charge ("private bytes"): 205M, peak: 206M

vm_info: Java HotSpot(TM) 64-Bit Server VM (12.0.2+10) for windows-amd64 JRE (12.0.2+10), built on Jul 16 2019 01:56:17 by "mach5one" with MS VC++ 15.5 (VS2017)

END.
