#
# There is insufficient memory for the Java Runtime Environment to continue.
# Native memory allocation (malloc) failed to allocate 761136 bytes for Chunk::new
# Possible reasons:
#   The system is out of physical RAM or swap space
#   The process is running with CompressedOops enabled, and the Java Heap may be blocking the growth of the native heap
# Possible solutions:
#   Reduce memory load on the system
#   Increase physical memory or swap space
#   Check if swap backing store is full
#   Decrease Java heap size (-Xmx/-Xms)
#   Decrease number of Java threads
#   Decrease Java thread stack sizes (-Xss)
#   Set larger code cache with -XX:ReservedCodeCacheSize=
#   JVM is running with Unscaled Compressed Oops mode in which the Java heap is
#     placed in the first 4GB address space. The Java Heap base address is the
#     maximum limit for the native heap growth. Please use -XX:HeapBaseMinAddress
#     to set the Java Heap base and to place the Java Heap above 4GB virtual address.
# This output file may be truncated or incomplete.
#
#  Out of Memory Error (t:/workspace/open/src/hotspot/share/memory/arena.cpp:197), pid=112800, tid=78212
#
# JRE version: Java(TM) SE Runtime Environment (12.0.2+10) (build 12.0.2+10)
# Java VM: Java HotSpot(TM) 64-Bit Server VM (12.0.2+10, mixed mode, sharing, tiered, compressed oops, parallel gc, windows-amd64)
# No core dump will be written. Minidumps are not enabled by default on client versions of Windows
#

---------------  S U M M A R Y ------------

Command Line: --add-modules=ALL-SYSTEM --add-opens=java.base/java.util=ALL-UNNAMED --add-opens=java.base/java.lang=ALL-UNNAMED -Declipse.application=org.eclipse.jdt.ls.core.id1 -Dosgi.bundles.defaultStartLevel=4 -Declipse.product=org.eclipse.jdt.ls.core.product -Dfile.encoding=utf8 -DwatchParentProcess=false -XX:+UseParallelGC -XX:GCTimeRatio=4 -XX:AdaptiveSizePolicyWeight=90 -Dsun.zip.disableMemoryMapping=true -Xmx1G -Xms100m -Xverify:none c:\Users\boy\.vscode\extensions\redhat.java-0.76.0\server\plugins\org.eclipse.equinox.launcher_1.6.100.v20201223-0822.jar -configuration c:\Users\boy\AppData\Roaming\Code\User\globalStorage\redhat.java\0.76.0\config_ss_win -data c:\Users\boy\AppData\Roaming\Code\User\workspaceStorage\0e39402858a8725b0012f595a3b6a445\redhat.java\ss_ws

Host: Intel(R) Core(TM) i7-8750H CPU @ 2.20GHz, 12 cores, 15G,  Windows 10 , 64 bit Build 18362 (10.0.18362.1350)
Time: Sat Mar 27 16:01:54 2021 Greenwich Standard Time elapsed time: 4 seconds (0d 0h 0m 4s)

---------------  T H R E A D  ---------------

Current thread (0x0000021cf8675800):  JavaThread "C2 CompilerThread1" daemon [_thread_in_native, id=78212, stack(0x000000a7c2700000,0x000000a7c2800000)]


Current CompileTask:
C2:   4845 2672   !   4       java.nio.file.FileTreeWalker::next (144 bytes)

Stack: [0x000000a7c2700000,0x000000a7c2800000]
Native frames: (J=compiled Java code, j=interpreted, Vv=VM code, C=native code)
V  [jvm.dll+0x63aa2a]
V  [jvm.dll+0x78ce1e]
V  [jvm.dll+0x78e4c1]
V  [jvm.dll+0x78eb13]
V  [jvm.dll+0x2627e8]
V  [jvm.dll+0xc55cc]
V  [jvm.dll+0xc5b4c]
V  [jvm.dll+0x37a632]
V  [jvm.dll+0x3463d3]
V  [jvm.dll+0x34579a]
V  [jvm.dll+0x21c205]
V  [jvm.dll+0x21b3da]
V  [jvm.dll+0x199a20]
V  [jvm.dll+0x22a744]
V  [jvm.dll+0x228d98]
V  [jvm.dll+0x7512a0]
V  [jvm.dll+0x74a2c8]
V  [jvm.dll+0x639b16]
C  [ucrtbase.dll+0x210b2]
C  [KERNEL32.DLL+0x17c24]
C  [ntdll.dll+0x6d721]


---------------  P R O C E S S  ---------------

Threads class SMR info:
_java_thread_list=0x0000021cf901c190, length=20, elements={
0x0000021cdb9cb000, 0x0000021cdba81800, 0x0000021cdba83800, 0x0000021cf57b6000,
0x0000021cf57b7000, 0x0000021cf57b8800, 0x0000021cf6a3d000, 0x0000021cf6a3e000,
0x0000021cf6b61800, 0x0000021cf6c84800, 0x0000021cf82f5800, 0x0000021cf83a4000,
0x0000021cf83a9800, 0x0000021cf8348800, 0x0000021cf896b000, 0x0000021cf8f97000,
0x0000021cf929c800, 0x0000021cf8f96000, 0x0000021cf8675800, 0x0000021cf922b800
}

Java Threads: ( => current thread )
  0x0000021cdb9cb000 JavaThread "main" [_thread_blocked, id=81708, stack(0x000000a7c1c00000,0x000000a7c1d00000)]
  0x0000021cdba81800 JavaThread "Reference Handler" daemon [_thread_blocked, id=105112, stack(0x000000a7c1f00000,0x000000a7c2000000)]
  0x0000021cdba83800 JavaThread "Finalizer" daemon [_thread_blocked, id=88888, stack(0x000000a7c2000000,0x000000a7c2100000)]
  0x0000021cf57b6000 JavaThread "Signal Dispatcher" daemon [_thread_blocked, id=71280, stack(0x000000a7c2100000,0x000000a7c2200000)]
  0x0000021cf57b7000 JavaThread "Attach Listener" daemon [_thread_blocked, id=77088, stack(0x000000a7c2200000,0x000000a7c2300000)]
  0x0000021cf57b8800 JavaThread "C2 CompilerThread0" daemon [_thread_in_native, id=13616, stack(0x000000a7c2300000,0x000000a7c2400000)]
  0x0000021cf6a3d000 JavaThread "C1 CompilerThread0" daemon [_thread_blocked, id=112696, stack(0x000000a7c2400000,0x000000a7c2500000)]
  0x0000021cf6a3e000 JavaThread "Sweeper thread" daemon [_thread_blocked, id=70056, stack(0x000000a7c2500000,0x000000a7c2600000)]
  0x0000021cf6b61800 JavaThread "Common-Cleaner" daemon [_thread_blocked, id=84416, stack(0x000000a7c2600000,0x000000a7c2700000)]
  0x0000021cf6c84800 JavaThread "Service Thread" daemon [_thread_blocked, id=85416, stack(0x000000a7c2800000,0x000000a7c2900000)]
  0x0000021cf82f5800 JavaThread "Active Thread: Equinox Container: 6f7aec18-2fbd-4ca7-90d2-217b590209dd" [_thread_blocked, id=207448, stack(0x000000a7c2a00000,0x000000a7c2b00000)]
  0x0000021cf83a4000 JavaThread "Framework Event Dispatcher: Equinox Container: 6f7aec18-2fbd-4ca7-90d2-217b590209dd" daemon [_thread_blocked, id=221512, stack(0x000000a7c2b00000,0x000000a7c2c00000)]
  0x0000021cf83a9800 JavaThread "Start Level: Equinox Container: 6f7aec18-2fbd-4ca7-90d2-217b590209dd" daemon [_thread_blocked, id=35532, stack(0x000000a7c2c00000,0x000000a7c2d00000)]
  0x0000021cf8348800 JavaThread "SCR Component Actor" daemon [_thread_blocked, id=57036, stack(0x000000a7c2d00000,0x000000a7c2e00000)]
  0x0000021cf896b000 JavaThread "Timer-0" daemon [_thread_blocked, id=103780, stack(0x000000a7c3100000,0x000000a7c3200000)]
  0x0000021cf8f97000 JavaThread "Worker-JM" [_thread_blocked, id=212476, stack(0x000000a7c3200000,0x000000a7c3300000)]
  0x0000021cf929c800 JavaThread "Worker-0: Initialize Workspace" [_thread_in_Java, id=95356, stack(0x000000a7c3300000,0x000000a7c3400000)]
  0x0000021cf8f96000 JavaThread "Worker-1" [_thread_blocked, id=68740, stack(0x000000a7c3400000,0x000000a7c3500000)]
=>0x0000021cf8675800 JavaThread "C2 CompilerThread1" daemon [_thread_in_native, id=78212, stack(0x000000a7c2700000,0x000000a7c2800000)]
  0x0000021cf922b800 JavaThread "pool-1-thread-1" [_thread_blocked, id=216580, stack(0x000000a7c3b00000,0x000000a7c3c00000)]

Other Threads:
  0x0000021cf57a1800 VMThread "VM Thread" [stack: 0x000000a7c1e00000,0x000000a7c1f00000] [id=89528]
  0x0000021cf6bf8000 WatcherThread [stack: 0x000000a7c2900000,0x000000a7c2a00000] [id=83364]
  0x0000021cdb9de800 GCTaskThread "ParGC Thread#0" [stack: 0x000000a7c1d00000,0x000000a7c1e00000] [id=57356]
  0x0000021cf88e0800 GCTaskThread "ParGC Thread#1" [stack: 0x000000a7c2e00000,0x000000a7c2f00000] [id=17436]
  0x0000021cf88e5800 GCTaskThread "ParGC Thread#2" [stack: 0x000000a7c2f00000,0x000000a7c3000000] [id=79292]
  0x0000021cf88e6800 GCTaskThread "ParGC Thread#3" [stack: 0x000000a7c3000000,0x000000a7c3100000] [id=39816]
  0x0000021cf92db000 GCTaskThread "ParGC Thread#4" [stack: 0x000000a7c3500000,0x000000a7c3600000] [id=97944]
  0x0000021cf91b5800 GCTaskThread "ParGC Thread#5" [stack: 0x000000a7c3600000,0x000000a7c3700000] [id=77052]
  0x0000021cf9203800 GCTaskThread "ParGC Thread#6" [stack: 0x000000a7c3700000,0x000000a7c3800000] [id=81752]
  0x0000021cf919e800 GCTaskThread "ParGC Thread#7" [stack: 0x000000a7c3800000,0x000000a7c3900000] [id=219864]
  0x0000021cf8ef3800 GCTaskThread "ParGC Thread#8" [stack: 0x000000a7c3900000,0x000000a7c3a00000] [id=77728]
  0x0000021cf9265800 GCTaskThread "ParGC Thread#9" [stack: 0x000000a7c3a00000,0x000000a7c3b00000] [id=190312]

Threads with active compile tasks:
C2 CompilerThread0  2716   !   4       java.nio.file.FileTreeWalker::visit (204 bytes)
C2 CompilerThread1  2672   !   4       java.nio.file.FileTreeWalker::next (144 bytes)

VM state:not at safepoint (normal execution)

VM Mutex/Monitor currently owned by a thread: None

Heap address: 0x00000000c0000000, size: 1024 MB, Compressed Oops mode: 32-bit
Narrow klass base: 0x0000000800000000, Narrow klass shift: 3
Compressed class space size: 1073741824 Address: 0x0000000801190000

Heap:
 PSYoungGen      total 28672K, used 9842K [0x00000000eab00000, 0x00000000ed300000, 0x0000000100000000)
  eden space 24576K, 23% used [0x00000000eab00000,0x00000000eb0a0ad0,0x00000000ec300000)
  from space 4096K, 99% used [0x00000000ec400000,0x00000000ec7fc030,0x00000000ec800000)
  to   space 8192K, 0% used [0x00000000ecb00000,0x00000000ecb00000,0x00000000ed300000)
 ParOldGen       total 68608K, used 13093K [0x00000000c0000000, 0x00000000c4300000, 0x00000000eab00000)
  object space 68608K, 19% used [0x00000000c0000000,0x00000000c0cc9660,0x00000000c4300000)
 Metaspace       used 21845K, capacity 23576K, committed 23856K, reserved 1071104K
  class space    used 2119K, capacity 2660K, committed 2688K, reserved 1048576K

Card table byte_map: [0x0000021cdb370000,0x0000021cdb580000] _byte_map_base: 0x0000021cdad70000

Marking Bits: (ParMarkBitMap*) 0x00007ffd55cdedd0
 Begin Bits: [0x0000021cf2dc0000, 0x0000021cf3dc0000)
 End Bits:   [0x0000021cf3dc0000, 0x0000021cf4dc0000)

Polling page: 0x0000021cd96e0000

Metaspace:

Usage:
  Non-class:     20.43 MB capacity,    19.26 MB ( 94%) used,     1.11 MB (  5%) free+waste,    50.06 KB ( <1%) overhead. 
      Class:      2.60 MB capacity,     2.07 MB ( 80%) used,   515.42 KB ( 19%) free+waste,    25.56 KB ( <1%) overhead. 
       Both:     23.02 MB capacity,    21.33 MB ( 93%) used,     1.62 MB (  7%) free+waste,    75.63 KB ( <1%) overhead. 

Virtual space:
  Non-class space:       22.00 MB reserved,      20.67 MB ( 94%) committed 
      Class space:        1.00 GB reserved,       2.63 MB ( <1%) committed 
             Both:        1.02 GB reserved,      23.30 MB (  2%) committed 

Chunk freelists:
   Non-Class:  7.50 KB
       Class:  3.50 KB
        Both:  11.00 KB

CodeHeap 'non-profiled nmethods': size=120000Kb used=976Kb max_used=976Kb free=119023Kb
 bounds [0x0000021ceb890000, 0x0000021cebb00000, 0x0000021cf2dc0000]
CodeHeap 'profiled nmethods': size=120000Kb used=5514Kb max_used=5514Kb free=114485Kb
 bounds [0x0000021ce4360000, 0x0000021ce48d0000, 0x0000021ceb890000]
CodeHeap 'non-nmethods': size=5760Kb used=1208Kb max_used=1233Kb free=4551Kb
 bounds [0x0000021ce3dc0000, 0x0000021ce4030000, 0x0000021ce4360000]
 total_blobs=3872 nmethods=2563 adapters=467
 compilation: enabled
              stopped_count=0, restarted_count=0
 full_count=0

Compilation events (10 events):
Event: 4.777 Thread 0x0000021cf6a3d000 2739       2       org.eclipse.jdt.internal.core.PackageFragmentRoot::getPath (5 bytes)
Event: 4.777 Thread 0x0000021cf6a3d000 nmethod 2739 0x0000021ce48bd990 code [0x0000021ce48bdb60, 0x0000021ce48bdd10]
Event: 4.777 Thread 0x0000021cf6a3d000 2740       1       org.eclipse.core.runtime.Status::getCode (5 bytes)
Event: 4.778 Thread 0x0000021cf6a3d000 nmethod 2740 0x0000021ceb97ae90 code [0x0000021ceb97b040, 0x0000021ceb97b178]
Event: 4.778 Thread 0x0000021cf6a3d000 2741       2       org.eclipse.core.runtime.Path::toOSString (227 bytes)
Event: 4.779 Thread 0x0000021cf6a3d000 nmethod 2741 0x0000021ce48bdd90 code [0x0000021ce48bdfc0, 0x0000021ce48be630]
Event: 4.779 Thread 0x0000021cf6a3d000 2742       2       org.eclipse.jdt.internal.core.JavaElement::<init> (10 bytes)
Event: 4.779 Thread 0x0000021cf6a3d000 nmethod 2742 0x0000021ce48bea90 code [0x0000021ce48bec40, 0x0000021ce48bedd8]
Event: 4.780 Thread 0x0000021cf6a3d000 2743   !   2       org.eclipse.jdt.internal.core.JavaModelManager::getPerProjectInfo (62 bytes)
Event: 4.780 Thread 0x0000021cf6a3d000 nmethod 2743 0x0000021ce48bee90 code [0x0000021ce48bf080, 0x0000021ce48bf550]

GC Heap History (10 events):
Event: 3.334 GC heap before
{Heap before GC invocations=2 (full 0):
 PSYoungGen      total 29696K, used 29465K [0x00000000eab00000, 0x00000000ecc00000, 0x0000000100000000)
  eden space 25600K, 100% used [0x00000000eab00000,0x00000000ec400000,0x00000000ec400000)
  from space 4096K, 94% used [0x00000000ec400000,0x00000000ec7c65a0,0x00000000ec800000)
  to   space 4096K, 0% used [0x00000000ec800000,0x00000000ec800000,0x00000000ecc00000)
 ParOldGen       total 68608K, used 16K [0x00000000c0000000, 0x00000000c4300000, 0x00000000eab00000)
  object space 68608K, 0% used [0x00000000c0000000,0x00000000c0004000,0x00000000c4300000)
 Metaspace       used 14767K, capacity 15856K, committed 16128K, reserved 1062912K
  class space    used 1347K, capacity 1717K, committed 1792K, reserved 1048576K
}
Event: 3.340 GC heap after
{Heap after GC invocations=2 (full 0):
 PSYoungGen      total 29696K, used 4075K [0x00000000eab00000, 0x00000000ecc00000, 0x0000000100000000)
  eden space 25600K, 0% used [0x00000000eab00000,0x00000000eab00000,0x00000000ec400000)
  from space 4096K, 99% used [0x00000000ec800000,0x00000000ecbfac70,0x00000000ecc00000)
  to   space 4096K, 0% used [0x00000000ec400000,0x00000000ec400000,0x00000000ec800000)
 ParOldGen       total 68608K, used 2417K [0x00000000c0000000, 0x00000000c4300000, 0x00000000eab00000)
  object space 68608K, 3% used [0x00000000c0000000,0x00000000c025c4b8,0x00000000c4300000)
 Metaspace       used 14767K, capacity 15856K, committed 16128K, reserved 1062912K
  class space    used 1347K, capacity 1717K, committed 1792K, reserved 1048576K
}
Event: 4.361 GC heap before
{Heap before GC invocations=3 (full 0):
 PSYoungGen      total 29696K, used 18113K [0x00000000eab00000, 0x00000000ecc00000, 0x0000000100000000)
  eden space 25600K, 54% used [0x00000000eab00000,0x00000000eb8b5870,0x00000000ec400000)
  from space 4096K, 99% used [0x00000000ec800000,0x00000000ecbfac70,0x00000000ecc00000)
  to   space 4096K, 0% used [0x00000000ec400000,0x00000000ec400000,0x00000000ec800000)
 ParOldGen       total 68608K, used 2417K [0x00000000c0000000, 0x00000000c4300000, 0x00000000eab00000)
  object space 68608K, 3% used [0x00000000c0000000,0x00000000c025c4b8,0x00000000c4300000)
 Metaspace       used 19725K, capacity 21194K, committed 21296K, reserved 1069056K
  class space    used 1909K, capacity 2401K, committed 2432K, reserved 1048576K
}
Event: 4.366 GC heap after
{Heap after GC invocations=3 (full 0):
 PSYoungGen      total 29696K, used 4092K [0x00000000eab00000, 0x00000000ecc00000, 0x0000000100000000)
  eden space 25600K, 0% used [0x00000000eab00000,0x00000000eab00000,0x00000000ec400000)
  from space 4096K, 99% used [0x00000000ec400000,0x00000000ec7ff280,0x00000000ec800000)
  to   space 4096K, 0% used [0x00000000ec800000,0x00000000ec800000,0x00000000ecc00000)
 ParOldGen       total 68608K, used 4398K [0x00000000c0000000, 0x00000000c4300000, 0x00000000eab00000)
  object space 68608K, 6% used [0x00000000c0000000,0x00000000c044baf8,0x00000000c4300000)
 Metaspace       used 19725K, capacity 21194K, committed 21296K, reserved 1069056K
  class space    used 1909K, capacity 2401K, committed 2432K, reserved 1048576K
}
Event: 4.366 GC heap before
{Heap before GC invocations=4 (full 1):
 PSYoungGen      total 29696K, used 4092K [0x00000000eab00000, 0x00000000ecc00000, 0x0000000100000000)
  eden space 25600K, 0% used [0x00000000eab00000,0x00000000eab00000,0x00000000ec400000)
  from space 4096K, 99% used [0x00000000ec400000,0x00000000ec7ff280,0x00000000ec800000)
  to   space 4096K, 0% used [0x00000000ec800000,0x00000000ec800000,0x00000000ecc00000)
 ParOldGen       total 68608K, used 4398K [0x00000000c0000000, 0x00000000c4300000, 0x00000000eab00000)
  object space 68608K, 6% used [0x00000000c0000000,0x00000000c044baf8,0x00000000c4300000)
 Metaspace       used 19725K, capacity 21194K, committed 21296K, reserved 1069056K
  class space    used 1909K, capacity 2401K, committed 2432K, reserved 1048576K
}
Event: 4.407 GC heap after
{Heap after GC invocations=4 (full 1):
 PSYoungGen      total 29696K, used 0K [0x00000000eab00000, 0x00000000ecc00000, 0x0000000100000000)
  eden space 25600K, 0% used [0x00000000eab00000,0x00000000eab00000,0x00000000ec400000)
  from space 4096K, 0% used [0x00000000ec400000,0x00000000ec400000,0x00000000ec800000)
  to   space 4096K, 0% used [0x00000000ec800000,0x00000000ec800000,0x00000000ecc00000)
 ParOldGen       total 68608K, used 8317K [0x00000000c0000000, 0x00000000c4300000, 0x00000000eab00000)
  object space 68608K, 12% used [0x00000000c0000000,0x00000000c081f7a8,0x00000000c4300000)
 Metaspace       used 19725K, capacity 21194K, committed 21296K, reserved 1069056K
  class space    used 1909K, capacity 2401K, committed 2432K, reserved 1048576K
}
Event: 4.671 GC heap before
{Heap before GC invocations=5 (full 1):
 PSYoungGen      total 29696K, used 25600K [0x00000000eab00000, 0x00000000ecc00000, 0x0000000100000000)
  eden space 25600K, 100% used [0x00000000eab00000,0x00000000ec400000,0x00000000ec400000)
  from space 4096K, 0% used [0x00000000ec400000,0x00000000ec400000,0x00000000ec800000)
  to   space 4096K, 0% used [0x00000000ec800000,0x00000000ec800000,0x00000000ecc00000)
 ParOldGen       total 68608K, used 8317K [0x00000000c0000000, 0x00000000c4300000, 0x00000000eab00000)
  object space 68608K, 12% used [0x00000000c0000000,0x00000000c081f7a8,0x00000000c4300000)
 Metaspace       used 21600K, capacity 23351K, committed 23600K, reserved 1071104K
  class space    used 2104K, capacity 2628K, committed 2688K, reserved 1048576K
}
Event: 4.673 GC heap after
{Heap after GC invocations=5 (full 1):
 PSYoungGen      total 29696K, used 2384K [0x00000000eab00000, 0x00000000ecc00000, 0x0000000100000000)
  eden space 25600K, 0% used [0x00000000eab00000,0x00000000eab00000,0x00000000ec400000)
  from space 4096K, 58% used [0x00000000ec800000,0x00000000eca54030,0x00000000ecc00000)
  to   space 4096K, 0% used [0x00000000ec400000,0x00000000ec400000,0x00000000ec800000)
 ParOldGen       total 68608K, used 8325K [0x00000000c0000000, 0x00000000c4300000, 0x00000000eab00000)
  object space 68608K, 12% used [0x00000000c0000000,0x00000000c08217a8,0x00000000c4300000)
 Metaspace       used 21600K, capacity 23351K, committed 23600K, reserved 1071104K
  class space    used 2104K, capacity 2628K, committed 2688K, reserved 1048576K
}
Event: 4.745 GC heap before
{Heap before GC invocations=6 (full 1):
 PSYoungGen      total 29696K, used 27984K [0x00000000eab00000, 0x00000000ecc00000, 0x0000000100000000)
  eden space 25600K, 100% used [0x00000000eab00000,0x00000000ec400000,0x00000000ec400000)
  from space 4096K, 58% used [0x00000000ec800000,0x00000000eca54030,0x00000000ecc00000)
  to   space 4096K, 0% used [0x00000000ec400000,0x00000000ec400000,0x00000000ec800000)
 ParOldGen       total 68608K, used 8325K [0x00000000c0000000, 0x00000000c4300000, 0x00000000eab00000)
  object space 68608K, 12% used [0x00000000c0000000,0x00000000c08217a8,0x00000000c4300000)
 Metaspace       used 21666K, capacity 23352K, committed 23600K, reserved 1071104K
  class space    used 2106K, capacity 2628K, committed 2688K, reserved 1048576K
}
Event: 4.749 GC heap after
{Heap after GC invocations=6 (full 1):
 PSYoungGen      total 29184K, used 4080K [0x00000000eab00000, 0x00000000ecd80000, 0x0000000100000000)
  eden space 25088K, 0% used [0x00000000eab00000,0x00000000eab00000,0x00000000ec380000)
  from space 4096K, 99% used [0x00000000ec400000,0x00000000ec7fc030,0x00000000ec800000)
  to   space 5120K, 0% used [0x00000000ec880000,0x00000000ec880000,0x00000000ecd80000)
 ParOldGen       total 68608K, used 8501K [0x00000000c0000000, 0x00000000c4300000, 0x00000000eab00000)
  object space 68608K, 12% used [0x00000000c0000000,0x00000000c084d7a8,0x00000000c4300000)
 Metaspace       used 21666K, capacity 23352K, committed 23600K, reserved 1071104K
  class space    used 2106K, capacity 2628K, committed 2688K, reserved 1048576K
}

Deoptimization events (10 events):
Event: 4.077 Thread 0x0000021cdb9cb000 Uncommon trap: reason=predicate action=maybe_recompile pc=0x0000021ceb947e84 method=java.util.TreeMap.getEntryUsingComparator(Ljava/lang/Object;)Ljava/util/TreeMap$Entry; @ 19 c2
Event: 4.089 Thread 0x0000021cdb9cb000 Uncommon trap: reason=predicate action=maybe_recompile pc=0x0000021ceb946144 method=java.util.TreeMap.getEntryUsingComparator(Ljava/lang/Object;)Ljava/util/TreeMap$Entry; @ 19 c2
Event: 4.104 Thread 0x0000021cdb9cb000 Uncommon trap: reason=unstable_if action=reinterpret pc=0x0000021ceb8e5b38 method=java.util.HashMap.getNode(ILjava/lang/Object;)Ljava/util/HashMap$Node; @ 129 c2
Event: 4.113 Thread 0x0000021cdb9cb000 Uncommon trap: reason=unstable_if action=reinterpret pc=0x0000021ceb8ca738 method=java.util.HashMap.getNode(ILjava/lang/Object;)Ljava/util/HashMap$Node; @ 129 c2
Event: 4.294 Thread 0x0000021cf922b800 Uncommon trap: reason=unstable_if action=reinterpret pc=0x0000021ceb8f61dc method=sun.nio.fs.WindowsPathParser.isSlash(C)Z @ 9 c2
Event: 4.568 Thread 0x0000021cf929c800 Uncommon trap: reason=unstable_if action=reinterpret pc=0x0000021ceb9242a0 method=jdk.internal.jrtfs.JrtPath.normalize(Ljava/lang/String;)Ljava/lang/String; @ 78 c2
Event: 4.577 Thread 0x0000021cf929c800 Uncommon trap: reason=bimorphic_or_optimized_type_check action=maybe_recompile pc=0x0000021ceb9667a8 method=jdk.internal.jimage.ImageReader$SharedImageReader.findNode(Ljava/lang/String;)Ljdk/internal/jimage/ImageReader$Node; @ 22 c2
Event: 4.577 Thread 0x0000021cf929c800 Uncommon trap: reason=bimorphic_or_optimized_type_check action=maybe_recompile pc=0x0000021ceb9667a8 method=jdk.internal.jimage.ImageReader$SharedImageReader.findNode(Ljava/lang/String;)Ljdk/internal/jimage/ImageReader$Node; @ 22 c2
Event: 4.577 Thread 0x0000021cf929c800 Uncommon trap: reason=bimorphic_or_optimized_type_check action=maybe_recompile pc=0x0000021ceb9667a8 method=jdk.internal.jimage.ImageReader$SharedImageReader.findNode(Ljava/lang/String;)Ljdk/internal/jimage/ImageReader$Node; @ 22 c2
Event: 4.577 Thread 0x0000021cf929c800 Uncommon trap: reason=bimorphic_or_optimized_type_check action=maybe_recompile pc=0x0000021ceb9667a8 method=jdk.internal.jimage.ImageReader$SharedImageReader.findNode(Ljava/lang/String;)Ljdk/internal/jimage/ImageReader$Node; @ 22 c2

Classes redefined (0 events):
No events

Internal exceptions (10 events):
Event: 3.137 Thread 0x0000021cf83a9800 Exception <a 'java/lang/NoSuchMethodError'{0x00000000eb6bd658}: java.lang.invoke.DirectMethodHandle$Holder.invokeStaticInit(Ljava/lang/Object;Ljava/lang/Object;Ljava/lang/Object;)I> (0x00000000eb6bd658) thrown at [t:/workspace/open/src/hotspot/share/inter
Event: 3.399 Thread 0x0000021cf83a9800 Exception <a 'java/lang/ClassNotFoundException'{0x00000000ead5d948}: com/sun/org/apache/xerces/internal/impl/msg/spi/DOMMessagesProvider> (0x00000000ead5d948) thrown at [t:/workspace/open/src/hotspot/share/classfile/systemDictionary.cpp, line 235]
Event: 3.402 Thread 0x0000021cf83a9800 Exception <a 'java/lang/ClassNotFoundException'{0x00000000ead725f0}: com/sun/org/apache/xerces/internal/impl/msg/spi/XMLSerializerMessagesProvider> (0x00000000ead725f0) thrown at [t:/workspace/open/src/hotspot/share/classfile/systemDictionary.cpp, line 23
Event: 3.403 Thread 0x0000021cf83a9800 Exception <a 'java/lang/ClassNotFoundException'{0x00000000ead7e4b8}: com/sun/org/apache/xerces/internal/impl/msg/spi/XMLMessagesProvider> (0x00000000ead7e4b8) thrown at [t:/workspace/open/src/hotspot/share/classfile/systemDictionary.cpp, line 235]
Event: 3.970 Thread 0x0000021cf83a9800 Exception <a 'java/lang/ClassNotFoundException'{0x00000000eaf37e20}: com/sun/org/apache/xml/internal/serializer/spi/XMLEntitiesProvider> (0x00000000eaf37e20) thrown at [t:/workspace/open/src/hotspot/share/classfile/systemDictionary.cpp, line 235]
Event: 4.119 Thread 0x0000021cdb9cb000 Exception <a 'java/lang/NoSuchMethodError'{0x00000000eb246778}: java.lang.invoke.DirectMethodHandle$Holder.invokeStatic(Ljava/lang/Object;Ljava/lang/Object;Ljava/lang/Object;Ljava/lang/Object;)V> (0x00000000eb246778) thrown at [t:/workspace/open/src/hotsp
Event: 4.296 Thread 0x0000021cf922b800 Exception <a 'java/io/FileNotFoundException'{0x00000000eb6e0ba8}> (0x00000000eb6e0ba8) thrown at [t:/workspace/open/src/hotspot/share/prims/jni.cpp, line 615]
Event: 4.651 Thread 0x0000021cf929c800 Exception <a 'java/io/FileNotFoundException'{0x00000000ebe5e5f0}> (0x00000000ebe5e5f0) thrown at [t:/workspace/open/src/hotspot/share/prims/jni.cpp, line 615]
Event: 4.652 Thread 0x0000021cf929c800 Exception <a 'java/io/FileNotFoundException'{0x00000000ebe60160}> (0x00000000ebe60160) thrown at [t:/workspace/open/src/hotspot/share/prims/jni.cpp, line 615]
Event: 4.653 Thread 0x0000021cf929c800 Exception <a 'java/lang/NoSuchMethodError'{0x00000000ebe68bf0}: java.lang.invoke.DirectMethodHandle$Holder.invokeStaticInit(Ljava/lang/Object;Ljava/lang/Object;Ljava/lang/Object;)V> (0x00000000ebe68bf0) thrown at [t:/workspace/open/src/hotspot/share/inter

Events (10 events):
Event: 4.654 Executing VM operation: RevokeBias
Event: 4.654 Executing VM operation: RevokeBias done
Event: 4.671 Executing VM operation: ParallelGCFailedAllocation
Event: 4.673 Executing VM operation: ParallelGCFailedAllocation done
Event: 4.673 Executing VM operation: RevokeBias
Event: 4.673 Executing VM operation: RevokeBias done
Event: 4.673 Executing VM operation: RevokeBias
Event: 4.673 Executing VM operation: RevokeBias done
Event: 4.745 Executing VM operation: ParallelGCFailedAllocation
Event: 4.749 Executing VM operation: ParallelGCFailedAllocation done


Dynamic libraries:
0x00007ff615d90000 - 0x00007ff615d9f000 	C:\Program Files\Java\jdk-12.0.2\bin\java.exe
0x00007ffddbc40000 - 0x00007ffddbe30000 	C:\WINDOWS\SYSTEM32\ntdll.dll
0x00007ffddbb40000 - 0x00007ffddbbf2000 	C:\WINDOWS\System32\KERNEL32.DLL
0x00007ffdd90a0000 - 0x00007ffdd9345000 	C:\WINDOWS\System32\KERNELBASE.dll
0x00007ffdd69a0000 - 0x00007ffdd6a2f000 	C:\WINDOWS\SYSTEM32\apphelp.dll
0x00007ffdd8c80000 - 0x00007ffdd8d7a000 	C:\WINDOWS\System32\ucrtbase.dll
0x00007ffdc17a0000 - 0x00007ffdc17b8000 	C:\Program Files\Java\jdk-12.0.2\bin\jli.dll
0x00007ffdc1950000 - 0x00007ffdc1966000 	C:\Program Files\Java\jdk-12.0.2\bin\VCRUNTIME140.dll
0x00007ffddb7a0000 - 0x00007ffddb843000 	C:\WINDOWS\System32\ADVAPI32.dll
0x00007ffddb560000 - 0x00007ffddb5fe000 	C:\WINDOWS\System32\msvcrt.dll
0x00007ffdda310000 - 0x00007ffdda3a7000 	C:\WINDOWS\System32\sechost.dll
0x00007ffddb110000 - 0x00007ffddb22f000 	C:\WINDOWS\System32\RPCRT4.dll
0x00007ffddb2f0000 - 0x00007ffddb484000 	C:\WINDOWS\System32\USER32.dll
0x00007ffdd9540000 - 0x00007ffdd9561000 	C:\WINDOWS\System32\win32u.dll
0x00007ffdbd700000 - 0x00007ffdbd984000 	C:\WINDOWS\WinSxS\amd64_microsoft.windows.common-controls_6595b64144ccf1df_6.0.18362.1440_none_9e7dbfb9e45e8e67\COMCTL32.dll
0x00007ffddba50000 - 0x00007ffddba76000 	C:\WINDOWS\System32\GDI32.dll
0x00007ffddad70000 - 0x00007ffddb0a6000 	C:\WINDOWS\System32\combase.dll
0x00007ffdd8eb0000 - 0x00007ffdd9048000 	C:\WINDOWS\System32\gdi32full.dll
0x00007ffdd8be0000 - 0x00007ffdd8c7e000 	C:\WINDOWS\System32\msvcp_win.dll
0x00007ffdd9350000 - 0x00007ffdd93d1000 	C:\WINDOWS\System32\bcryptPrimitives.dll
0x00007ffdd3510000 - 0x00007ffdd351a000 	C:\WINDOWS\SYSTEM32\VERSION.dll
0x00007ffddba80000 - 0x00007ffddbaae000 	C:\WINDOWS\System32\IMM32.DLL
0x00007ffdb6070000 - 0x00007ffdb611a000 	C:\Program Files\Java\jdk-12.0.2\bin\msvcp140.dll
0x00007ffd55230000 - 0x00007ffd55da7000 	C:\Program Files\Java\jdk-12.0.2\bin\server\jvm.dll
0x00007ffdda4f0000 - 0x00007ffdda4f8000 	C:\WINDOWS\System32\PSAPI.DLL
0x00007ffdbdef0000 - 0x00007ffdbdef9000 	C:\WINDOWS\SYSTEM32\WSOCK32.dll
0x00007ffdc8d10000 - 0x00007ffdc8d34000 	C:\WINDOWS\SYSTEM32\WINMM.dll
0x00007ffdc8ce0000 - 0x00007ffdc8d0d000 	C:\WINDOWS\SYSTEM32\winmmbase.dll
0x00007ffddb680000 - 0x00007ffddb6ef000 	C:\WINDOWS\System32\WS2_32.dll
0x00007ffdd9050000 - 0x00007ffdd909a000 	C:\WINDOWS\System32\cfgmgr32.dll
0x00007ffdd8b20000 - 0x00007ffdd8b31000 	C:\WINDOWS\System32\kernel.appcore.dll
0x00007ffdc02d0000 - 0x00007ffdc02e1000 	C:\Program Files\Java\jdk-12.0.2\bin\verify.dll
0x00007ffdd73b0000 - 0x00007ffdd75a4000 	C:\WINDOWS\SYSTEM32\DBGHELP.DLL
0x00007ffdca680000 - 0x00007ffdca6aa000 	C:\WINDOWS\SYSTEM32\dbgcore.DLL
0x00007ffdbefe0000 - 0x00007ffdbf006000 	C:\Program Files\Java\jdk-12.0.2\bin\java.dll
0x00007ffdbef20000 - 0x00007ffdbef37000 	C:\Program Files\Java\jdk-12.0.2\bin\zip.dll
0x00007ffdc1860000 - 0x00007ffdc186a000 	C:\Program Files\Java\jdk-12.0.2\bin\jimage.dll
0x00007ffdda510000 - 0x00007ffddabf8000 	C:\WINDOWS\System32\SHELL32.dll
0x00007ffddb6f0000 - 0x00007ffddb797000 	C:\WINDOWS\System32\shcore.dll
0x00007ffdd9570000 - 0x00007ffdd9ceb000 	C:\WINDOWS\System32\windows.storage.dll
0x00007ffdd8b40000 - 0x00007ffdd8b5e000 	C:\WINDOWS\System32\profapi.dll
0x00007ffdd8b60000 - 0x00007ffdd8baa000 	C:\WINDOWS\System32\powrprof.dll
0x00007ffdd8af0000 - 0x00007ffdd8b00000 	C:\WINDOWS\System32\UMPDC.dll
0x00007ffddb0b0000 - 0x00007ffddb102000 	C:\WINDOWS\System32\shlwapi.dll
0x00007ffdd8e90000 - 0x00007ffdd8ea7000 	C:\WINDOWS\System32\cryptsp.dll
0x00007ffdbec70000 - 0x00007ffdbec89000 	C:\Program Files\Java\jdk-12.0.2\bin\net.dll
0x00007ffdd3e50000 - 0x00007ffdd3f4a000 	C:\WINDOWS\SYSTEM32\WINHTTP.dll
0x00007ffdc2290000 - 0x00007ffdc2467000 	C:\WINDOWS\SYSTEM32\urlmon.dll
0x00007ffdbe150000 - 0x00007ffdbe3f7000 	C:\WINDOWS\SYSTEM32\iertutil.dll
0x00007ffdd8490000 - 0x00007ffdd849c000 	C:\WINDOWS\SYSTEM32\CRYPTBASE.DLL
0x00007ffdd82f0000 - 0x00007ffdd8357000 	C:\WINDOWS\system32\mswsock.dll
0x00007ffdbcd00000 - 0x00007ffdbcd13000 	C:\Program Files\Java\jdk-12.0.2\bin\nio.dll
0x00007ffdd7e10000 - 0x00007ffdd7e43000 	C:\WINDOWS\system32\rsaenh.dll
0x00007ffdd8bb0000 - 0x00007ffdd8bd6000 	C:\WINDOWS\System32\bcrypt.dll
0x00007ffdd89d0000 - 0x00007ffdd89f5000 	C:\WINDOWS\SYSTEM32\USERENV.dll
0x00007ffdd7fa0000 - 0x00007ffdd7fda000 	C:\WINDOWS\SYSTEM32\IPHLPAPI.DLL
0x00007ffddac00000 - 0x00007ffddac08000 	C:\WINDOWS\System32\NSI.dll
0x00007ffdd5270000 - 0x00007ffdd5286000 	C:\WINDOWS\SYSTEM32\dhcpcsvc6.DLL
0x00007ffdd5250000 - 0x00007ffdd526c000 	C:\WINDOWS\SYSTEM32\dhcpcsvc.DLL
0x00007ffdd7fe0000 - 0x00007ffdd80ab000 	C:\WINDOWS\SYSTEM32\DNSAPI.dll
0x00007ffda86c0000 - 0x00007ffda86e9000 	C:\Users\boy\AppData\Roaming\Code\User\globalStorage\redhat.java\0.76.0\config_ss_win\org.eclipse.equinox.launcher\org.eclipse.equinox.launcher.win32.win32.x86_64_1.2.100.v20210209-1541\eclipse_11301.dll

dbghelp: loaded successfully - version: 4.0.5 - missing functions: none
symbol engine: initialized successfully - sym options: 0x614 - pdb path: .;C:\Program Files\Java\jdk-12.0.2\bin;C:\WINDOWS\SYSTEM32;C:\WINDOWS\WinSxS\amd64_microsoft.windows.common-controls_6595b64144ccf1df_6.0.18362.1440_none_9e7dbfb9e45e8e67;C:\Program Files\Java\jdk-12.0.2\bin\server;C:\Users\boy\AppData\Roaming\Code\User\globalStorage\redhat.java\0.76.0\config_ss_win\org.eclipse.equinox.launcher\org.eclipse.equinox.launcher.win32.win32.x86_64_1.2.100.v20210209-1541

VM Arguments:
jvm_args: --add-modules=ALL-SYSTEM --add-opens=java.base/java.util=ALL-UNNAMED --add-opens=java.base/java.lang=ALL-UNNAMED -Declipse.application=org.eclipse.jdt.ls.core.id1 -Dosgi.bundles.defaultStartLevel=4 -Declipse.product=org.eclipse.jdt.ls.core.product -Dfile.encoding=utf8 -DwatchParentProcess=false -XX:+UseParallelGC -XX:GCTimeRatio=4 -XX:AdaptiveSizePolicyWeight=90 -Dsun.zip.disableMemoryMapping=true -Xmx1G -Xms100m -Xverify:none 
java_command: c:\Users\boy\.vscode\extensions\redhat.java-0.76.0\server\plugins\org.eclipse.equinox.launcher_1.6.100.v20201223-0822.jar -configuration c:\Users\boy\AppData\Roaming\Code\User\globalStorage\redhat.java\0.76.0\config_ss_win -data c:\Users\boy\AppData\Roaming\Code\User\workspaceStorage\0e39402858a8725b0012f595a3b6a445\redhat.java\ss_ws
java_class_path (initial): c:\Users\boy\.vscode\extensions\redhat.java-0.76.0\server\plugins\org.eclipse.equinox.launcher_1.6.100.v20201223-0822.jar
Launcher Type: SUN_STANDARD

[Global flags]
    uintx AdaptiveSizePolicyWeight                 = 90                                        {product} {command line}
     bool BytecodeVerificationLocal                = false                                     {product} {command line}
     bool BytecodeVerificationRemote               = false                                     {product} {command line}
     intx CICompilerCount                          = 4                                         {product} {ergonomic}
    uintx GCTimeRatio                              = 4                                         {product} {command line}
   size_t InitialHeapSize                          = 104857600                                 {product} {command line}
   size_t MaxHeapSize                              = 1073741824                                {product} {command line}
   size_t MaxNewSize                               = 357564416                                 {product} {ergonomic}
   size_t MinHeapDeltaBytes                        = 524288                                    {product} {ergonomic}
   size_t NewSize                                  = 34603008                                  {product} {ergonomic}
    uintx NonNMethodCodeHeapSize                   = 5836300                                {pd product} {ergonomic}
    uintx NonProfiledCodeHeapSize                  = 122910970                              {pd product} {ergonomic}
   size_t OldSize                                  = 70254592                                  {product} {ergonomic}
    uintx ProfiledCodeHeapSize                     = 122910970                              {pd product} {ergonomic}
    uintx ReservedCodeCacheSize                    = 251658240                              {pd product} {ergonomic}
     bool SegmentedCodeCache                       = true                                      {product} {ergonomic}
     bool UseCompressedClassPointers               = true                                 {lp64_product} {ergonomic}
     bool UseCompressedOops                        = true                                 {lp64_product} {ergonomic}
     bool UseLargePagesIndividualAllocation        = false                                  {pd product} {ergonomic}
     bool UseParallelGC                            = true                                      {product} {command line}

Logging:
Log output configuration:
 #0: stdout all=warning uptime,level,tags
 #1: stderr all=off uptime,level,tags

Environment Variables:
JAVA_HOME=C:\Program Files\Java\jdk-12.0.2
PATH=C:\Program Files\Oracle\VirtualBox\;C:\Program Files (x86)\Common Files\Oracle\Java\javapath;C:\Program Files (x86)\Intel\Intel(R) Management Engine Components\iCLS\;C:\Program Files\Intel\Intel(R) Management Engine Components\iCLS\;C:\windows\system32;C:\windows;C:\windows\System32\Wbem;C:\windows\System32\WindowsPowerShell\v1.0\;C:\Program Files (x86)\Intel\Intel(R) Management Engine Components\DAL;C:\Program Files\Intel\Intel(R) Management Engine Components\DAL;C:\Program Files (x86)\Intel\Intel(R) Management Engine Components\IPT;C:\Program Files\Intel\Intel(R) Management Engine Components\IPT;C:\Program Files (x86)\NVIDIA Corporation\PhysX\Common;C:\WINDOWS\system32;C:\WINDOWS;C:\WINDOWS\System32\Wbem;C:\WINDOWS\System32\WindowsPowerShell\v1.0\;C:\WINDOWS\System32\OpenSSH\;C:\Program Files\NVIDIA Corporation\NVIDIA NvDLISR;C:\WINDOWS\system32;C:\WINDOWS;C:\WINDOWS\System32\Wbem;C:\WINDOWS\System32\WindowsPowerShell\v1.0\;C:\WINDOWS\System32\OpenSSH\;C:\ProgramData\Anaconda3;C:\ProgramData\Anaconda3\Scripts;C:\ProgramData\Anaconda3\Library\bin;C:\Program Files\Microsoft VS Code\bin;C:\Program Files\Intel\WiFi\bin\;C:\Program Files\Common Files\Intel\WirelessCommon\;D:\Chris\Prog\Odoo 12.0\python;D:\Chris\Prog\Amazon\AWSCLIV2\;D:\Chris\Prog\Amazon\AWSCLI\bin\;D:\Chris\Prog;C:\Program Files\dotnet\;C:\src\flutter\bin;C:\Users\bchri\AppData\Roaming\nvm;C:\Program Files\nodejs;C:\Program Files\Docker\Docker\resources\bin;C:\ProgramData\DockerDesktop\version-bin;C:\Program Files\Java\jdk-12.0.2\bin;C:\Users\boy\AppData\Local\Microsoft\WindowsApps;C:\Users\boy\AppData\Local\Programs\Git\cmd;C:\Users\boy\AppData\Local\Programs\Git\mingw32\bin;C:\Users\boy\AppData\Local\Programs\Git\usr\bin;C:\Users\boy\AppData\Local\Programs\Microsoft VS Code\bin;C:\src\flutter\bin;C:\Users\boy\AppData\Roaming\npm;D:\Chris\Odoo 12.0\python;C:\Users\boy\.dotnet\tools
USERNAME=boy
OS=Windows_NT
PROCESSOR_IDENTIFIER=Intel64 Family 6 Model 158 Stepping 10, GenuineIntel



---------------  S Y S T E M  ---------------

OS: Windows 10 , 64 bit Build 18362 (10.0.18362.1350)

CPU:total 12 (initial active 12) (6 cores per cpu, 2 threads per core) family 6 model 158 stepping 10, cmov, cx8, fxsr, mmx, sse, sse2, sse3, ssse3, sse4.1, sse4.2, popcnt, avx, avx2, aes, clmul, erms, 3dnowpref, lzcnt, ht, tsc, tscinvbit, bmi1, bmi2, adx, fma

Memory: 4k page, system-wide physical 16300M (519M free)
TotalPageFile size 42829M (AvailPageFile size 7M)
current process WorkingSet (physical memory assigned to process): 140M, peak: 140M
current process commit charge ("private bytes"): 251M, peak: 251M

vm_info: Java HotSpot(TM) 64-Bit Server VM (12.0.2+10) for windows-amd64 JRE (12.0.2+10), built on Jul 16 2019 01:56:17 by "mach5one" with MS VC++ 15.5 (VS2017)

END.
